<?xml version="1.0" encoding="UTF-8"?>
<testsuites name="httpyac" tests="26" errors="0" disabled="0" failures="14" time="0.628">
  <testsuite name="/metadata endpoint should return FHIR CapabilityStatement" tests="3" errors="0" failures="1" skipped="0" package="assurance/1115-waiver/ahc-hrsn/screening/regression-test-prime/fhir-service-prime/src/2024-05-22/fhir-service.test.http" time="0.375">
    <properties>
      <property name="title" value="/metadata endpoint should return FHIR CapabilityStatement"/>
      <property name="line" value="12"/>
      <property name="timestamp" value="2024-05-30T13:02:18.618Z"/>
      <property name="file" value="assurance/1115-waiver/ahc-hrsn/screening/regression-test-prime/fhir-service-prime/src/2024-05-22/fhir-service.test.http"/>
    </properties>
    <testcase name="status code 200" classname="/metadata endpoint should return FHIR CapabilityStatement" time="0.125" assertions="1"/>
    <testcase name="Check content-type" classname="/metadata endpoint should return FHIR CapabilityStatement" time="0.125" assertions="1">
      <properties>
        <property name="displayMessage" value="AssertionError [ERR_ASSERTION]: 'text/html;charset=UTF-8' == 'text/plain;charset=UTF-8' - /home/runner/work/docs.techbd.org/docs.techbd.org/assurance/1115-waiver/ahc-hrsn/screening/regression-test-prime/fhir-service-prime/src/2024-05-22/fhir-service.test.http:22:5"/>
        <property name="file" value="/home/runner/work/docs.techbd.org/docs.techbd.org/assurance/1115-waiver/ahc-hrsn/screening/regression-test-prime/fhir-service-prime/src/2024-05-22/fhir-service.test.http"/>
        <property name="line" value="22"/>
        <property name="offset" value="5"/>
        <property name="errorType" value="AssertionError [ERR_ASSERTION]"/>
        <property name="message" value="'text/html;charset=UTF-8' == 'text/plain;charset=UTF-8'"/>
      </properties>
      <failure message="Check content-type" type="AssertionError [ERR_ASSERTION]">{"message":"'text/html;charset=UTF-8' == 'text/plain;charset=UTF-8'","name":"AssertionError","stack":"AssertionError [ERR_ASSERTION]: 'text/html;charset=UTF-8' == 'text/plain;charset=UTF-8'\n    at /home/runner/work/docs.techbd.org/docs.techbd.org/assurance/1115-waiver/ahc-hrsn/screening/regression-test-prime/fhir-service-prime/src/2024-05-22/fhir-service.test.http:22:5\n    at Object.o [as test] (/opt/hostedtoolcache/node/20.13.1/x64/lib/node_modules/httpyac/dist/index.js:2:40904)\n    at Object.userJS (/home/runner/work/docs.techbd.org/docs.techbd.org/assurance/1115-waiver/ahc-hrsn/screening/regression-test-prime/fhir-service-prime/src/2024-05-22/fhir-service.test.http:21:3)\n    at rr (/opt/hostedtoolcache/node/20.13.1/x64/lib/node_modules/httpyac/dist/index.js:119:2730)\n    at Pt (/opt/hostedtoolcache/node/20.13.1/x64/lib/node_modules/httpyac/dist/index.js:119:6140)\n    at Object.action (/opt/hostedtoolcache/node/20.13.1/x64/lib/node_modules/httpyac/dist/index.js:119:5411)\n    at n.trigger (/opt/hostedtoolcache/node/20.13.1/x64/lib/node_modules/httpyac/node_modules/hookpoint/dist/index.js:1:2889)\n    at process.processTicksAndRejections (node:internal/process/task_queues:95:5)\n    at async t.execute (/opt/hostedtoolcache/node/20.13.1/x64/lib/node_modules/httpyac/dist/index.js:2:52877)\n    at async mu (/opt/hostedtoolcache/node/20.13.1/x64/lib/node_modules/httpyac/dist/index.js:119:32215)"}</failure>
    </testcase>
    <testcase name="response body exists" classname="/metadata endpoint should return FHIR CapabilityStatement" time="0.125" assertions="1"/>
  </testsuite>
  <testsuite name="/Bundle/$validate should validate fhir-fixture-shinny-impl-guide-sample.json" tests="4" errors="0" failures="2" skipped="0" package="assurance/1115-waiver/ahc-hrsn/screening/regression-test-prime/fhir-service-prime/src/2024-05-22/fhir-service.test.http" time="0.062">
    <properties>
      <property name="title" value="/Bundle/$validate should validate fhir-fixture-shinny-impl-guide-sample.json"/>
      <property name="line" value="27"/>
      <property name="timestamp" value="2024-05-30T13:02:18.993Z"/>
      <property name="file" value="assurance/1115-waiver/ahc-hrsn/screening/regression-test-prime/fhir-service-prime/src/2024-05-22/fhir-service.test.http"/>
    </properties>
    <testcase name="status code 200" classname="/Bundle/$validate should validate fhir-fixture-shinny-impl-guide-sample.json" time="0.016" assertions="1">
      <properties>
        <property name="displayMessage" value="AssertionError [ERR_ASSERTION]: 400 == 200 - /home/runner/work/docs.techbd.org/docs.techbd.org/assurance/1115-waiver/ahc-hrsn/screening/regression-test-prime/fhir-service-prime/src/2024-05-22/fhir-service.test.http:36:5"/>
        <property name="file" value="/home/runner/work/docs.techbd.org/docs.techbd.org/assurance/1115-waiver/ahc-hrsn/screening/regression-test-prime/fhir-service-prime/src/2024-05-22/fhir-service.test.http"/>
        <property name="line" value="36"/>
        <property name="offset" value="5"/>
        <property name="errorType" value="AssertionError [ERR_ASSERTION]"/>
        <property name="message" value="400 == 200"/>
      </properties>
      <failure message="status code 200" type="AssertionError [ERR_ASSERTION]">{"message":"400 == 200","name":"AssertionError","stack":"AssertionError [ERR_ASSERTION]: 400 == 200\n    at /home/runner/work/docs.techbd.org/docs.techbd.org/assurance/1115-waiver/ahc-hrsn/screening/regression-test-prime/fhir-service-prime/src/2024-05-22/fhir-service.test.http:36:5\n    at Object.o [as test] (/opt/hostedtoolcache/node/20.13.1/x64/lib/node_modules/httpyac/dist/index.js:2:40904)\n    at Object.userJS (/home/runner/work/docs.techbd.org/docs.techbd.org/assurance/1115-waiver/ahc-hrsn/screening/regression-test-prime/fhir-service-prime/src/2024-05-22/fhir-service.test.http:35:3)\n    at rr (/opt/hostedtoolcache/node/20.13.1/x64/lib/node_modules/httpyac/dist/index.js:119:2730)\n    at Pt (/opt/hostedtoolcache/node/20.13.1/x64/lib/node_modules/httpyac/dist/index.js:119:6140)\n    at Object.action (/opt/hostedtoolcache/node/20.13.1/x64/lib/node_modules/httpyac/dist/index.js:119:5411)\n    at n.trigger (/opt/hostedtoolcache/node/20.13.1/x64/lib/node_modules/httpyac/node_modules/hookpoint/dist/index.js:1:2889)\n    at process.processTicksAndRejections (node:internal/process/task_queues:95:5)\n    at async t.execute (/opt/hostedtoolcache/node/20.13.1/x64/lib/node_modules/httpyac/dist/index.js:2:52877)\n    at async mu (/opt/hostedtoolcache/node/20.13.1/x64/lib/node_modules/httpyac/dist/index.js:119:32215)"}</failure>
    </testcase>
    <testcase name="Check content-type" classname="/Bundle/$validate should validate fhir-fixture-shinny-impl-guide-sample.json" time="0.016" assertions="1"/>
    <testcase name="response body exists" classname="/Bundle/$validate should validate fhir-fixture-shinny-impl-guide-sample.json" time="0.016" assertions="1"/>
    <testcase name="Check Resource Type" classname="/Bundle/$validate should validate fhir-fixture-shinny-impl-guide-sample.json" time="0.016" assertions="1">
      <properties>
        <property name="displayMessage" value="TypeError: Cannot read properties of undefined (reading 'version') - /home/runner/work/docs.techbd.org/docs.techbd.org/assurance/1115-waiver/ahc-hrsn/screening/regression-test-prime/fhir-service-prime/src/2024-05-22/fhir-service.test.http:43:52"/>
        <property name="file" value="/home/runner/work/docs.techbd.org/docs.techbd.org/assurance/1115-waiver/ahc-hrsn/screening/regression-test-prime/fhir-service-prime/src/2024-05-22/fhir-service.test.http"/>
        <property name="line" value="43"/>
        <property name="offset" value="52"/>
        <property name="errorType" value="TypeError"/>
        <property name="message" value="Cannot read properties of undefined (reading 'version')"/>
      </properties>
      <failure message="Check Resource Type" type="TypeError">{"message":"Cannot read properties of undefined (reading 'version')","name":"TypeError","stack":"TypeError: Cannot read properties of undefined (reading 'version')\n    at /home/runner/work/docs.techbd.org/docs.techbd.org/assurance/1115-waiver/ahc-hrsn/screening/regression-test-prime/fhir-service-prime/src/2024-05-22/fhir-service.test.http:43:52\n    at Object.o [as test] (/opt/hostedtoolcache/node/20.13.1/x64/lib/node_modules/httpyac/dist/index.js:2:40904)\n    at Object.userJS (/home/runner/work/docs.techbd.org/docs.techbd.org/assurance/1115-waiver/ahc-hrsn/screening/regression-test-prime/fhir-service-prime/src/2024-05-22/fhir-service.test.http:42:3)\n    at rr (/opt/hostedtoolcache/node/20.13.1/x64/lib/node_modules/httpyac/dist/index.js:119:2730)\n    at Pt (/opt/hostedtoolcache/node/20.13.1/x64/lib/node_modules/httpyac/dist/index.js:119:6140)\n    at Object.action (/opt/hostedtoolcache/node/20.13.1/x64/lib/node_modules/httpyac/dist/index.js:119:5411)\n    at n.trigger (/opt/hostedtoolcache/node/20.13.1/x64/lib/node_modules/httpyac/node_modules/hookpoint/dist/index.js:1:2889)\n    at process.processTicksAndRejections (node:internal/process/task_queues:95:5)\n    at async t.execute (/opt/hostedtoolcache/node/20.13.1/x64/lib/node_modules/httpyac/dist/index.js:2:52877)\n    at async mu (/opt/hostedtoolcache/node/20.13.1/x64/lib/node_modules/httpyac/dist/index.js:119:32215)"}</failure>
    </testcase>
  </testsuite>
  <testsuite name="/Bundle/$validate should validate fhir-fixture-unhappy-path-01.json" tests="4" errors="0" failures="2" skipped="0" package="assurance/1115-waiver/ahc-hrsn/screening/regression-test-prime/fhir-service-prime/src/2024-05-22/fhir-service.test.http" time="0.036">
    <properties>
      <property name="title" value="/Bundle/$validate should validate fhir-fixture-unhappy-path-01.json"/>
      <property name="line" value="49"/>
      <property name="timestamp" value="2024-05-30T13:02:19.055Z"/>
      <property name="file" value="assurance/1115-waiver/ahc-hrsn/screening/regression-test-prime/fhir-service-prime/src/2024-05-22/fhir-service.test.http"/>
    </properties>
    <testcase name="status code 200" classname="/Bundle/$validate should validate fhir-fixture-unhappy-path-01.json" time="0.009" assertions="1">
      <properties>
        <property name="displayMessage" value="AssertionError [ERR_ASSERTION]: 400 == 200 - /home/runner/work/docs.techbd.org/docs.techbd.org/assurance/1115-waiver/ahc-hrsn/screening/regression-test-prime/fhir-service-prime/src/2024-05-22/fhir-service.test.http:58:5"/>
        <property name="file" value="/home/runner/work/docs.techbd.org/docs.techbd.org/assurance/1115-waiver/ahc-hrsn/screening/regression-test-prime/fhir-service-prime/src/2024-05-22/fhir-service.test.http"/>
        <property name="line" value="58"/>
        <property name="offset" value="5"/>
        <property name="errorType" value="AssertionError [ERR_ASSERTION]"/>
        <property name="message" value="400 == 200"/>
      </properties>
      <failure message="status code 200" type="AssertionError [ERR_ASSERTION]">{"message":"400 == 200","name":"AssertionError","stack":"AssertionError [ERR_ASSERTION]: 400 == 200\n    at /home/runner/work/docs.techbd.org/docs.techbd.org/assurance/1115-waiver/ahc-hrsn/screening/regression-test-prime/fhir-service-prime/src/2024-05-22/fhir-service.test.http:58:5\n    at Object.o [as test] (/opt/hostedtoolcache/node/20.13.1/x64/lib/node_modules/httpyac/dist/index.js:2:40904)\n    at Object.userJS (/home/runner/work/docs.techbd.org/docs.techbd.org/assurance/1115-waiver/ahc-hrsn/screening/regression-test-prime/fhir-service-prime/src/2024-05-22/fhir-service.test.http:57:3)\n    at rr (/opt/hostedtoolcache/node/20.13.1/x64/lib/node_modules/httpyac/dist/index.js:119:2730)\n    at Pt (/opt/hostedtoolcache/node/20.13.1/x64/lib/node_modules/httpyac/dist/index.js:119:6140)\n    at Object.action (/opt/hostedtoolcache/node/20.13.1/x64/lib/node_modules/httpyac/dist/index.js:119:5411)\n    at n.trigger (/opt/hostedtoolcache/node/20.13.1/x64/lib/node_modules/httpyac/node_modules/hookpoint/dist/index.js:1:2889)\n    at process.processTicksAndRejections (node:internal/process/task_queues:95:5)\n    at async t.execute (/opt/hostedtoolcache/node/20.13.1/x64/lib/node_modules/httpyac/dist/index.js:2:52877)\n    at async mu (/opt/hostedtoolcache/node/20.13.1/x64/lib/node_modules/httpyac/dist/index.js:119:32215)"}</failure>
    </testcase>
    <testcase name="Check content-type" classname="/Bundle/$validate should validate fhir-fixture-unhappy-path-01.json" time="0.009" assertions="1"/>
    <testcase name="response body exists" classname="/Bundle/$validate should validate fhir-fixture-unhappy-path-01.json" time="0.009" assertions="1"/>
    <testcase name="check Result" classname="/Bundle/$validate should validate fhir-fixture-unhappy-path-01.json" time="0.009" assertions="1">
      <properties>
        <property name="displayMessage" value="TypeError: Cannot read properties of undefined (reading 'entries') - /home/runner/work/docs.techbd.org/docs.techbd.org/assurance/1115-waiver/ahc-hrsn/screening/regression-test-prime/fhir-service-prime/src/2024-05-22/fhir-service.test.http:65:50"/>
        <property name="file" value="/home/runner/work/docs.techbd.org/docs.techbd.org/assurance/1115-waiver/ahc-hrsn/screening/regression-test-prime/fhir-service-prime/src/2024-05-22/fhir-service.test.http"/>
        <property name="line" value="65"/>
        <property name="offset" value="50"/>
        <property name="errorType" value="TypeError"/>
        <property name="message" value="Cannot read properties of undefined (reading 'entries')"/>
      </properties>
      <failure message="check Result" type="TypeError">{"message":"Cannot read properties of undefined (reading 'entries')","name":"TypeError","stack":"TypeError: Cannot read properties of undefined (reading 'entries')\n    at /home/runner/work/docs.techbd.org/docs.techbd.org/assurance/1115-waiver/ahc-hrsn/screening/regression-test-prime/fhir-service-prime/src/2024-05-22/fhir-service.test.http:65:50\n    at Object.o [as test] (/opt/hostedtoolcache/node/20.13.1/x64/lib/node_modules/httpyac/dist/index.js:2:40904)\n    at Object.userJS (/home/runner/work/docs.techbd.org/docs.techbd.org/assurance/1115-waiver/ahc-hrsn/screening/regression-test-prime/fhir-service-prime/src/2024-05-22/fhir-service.test.http:64:3)\n    at rr (/opt/hostedtoolcache/node/20.13.1/x64/lib/node_modules/httpyac/dist/index.js:119:2730)\n    at Pt (/opt/hostedtoolcache/node/20.13.1/x64/lib/node_modules/httpyac/dist/index.js:119:6140)\n    at Object.action (/opt/hostedtoolcache/node/20.13.1/x64/lib/node_modules/httpyac/dist/index.js:119:5411)\n    at n.trigger (/opt/hostedtoolcache/node/20.13.1/x64/lib/node_modules/httpyac/node_modules/hookpoint/dist/index.js:1:2889)\n    at process.processTicksAndRejections (node:internal/process/task_queues:95:5)\n    at async t.execute (/opt/hostedtoolcache/node/20.13.1/x64/lib/node_modules/httpyac/dist/index.js:2:52877)\n    at async mu (/opt/hostedtoolcache/node/20.13.1/x64/lib/node_modules/httpyac/dist/index.js:119:32215)"}</failure>
    </testcase>
  </testsuite>
  <testsuite name="/Bundle/$validate should validate fhir-fixture-shinny-bronx-unhappy-path.json" tests="5" errors="0" failures="3" skipped="0" package="assurance/1115-waiver/ahc-hrsn/screening/regression-test-prime/fhir-service-prime/src/2024-05-22/fhir-service.test.http" time="0.056">
    <properties>
      <property name="title" value="/Bundle/$validate should validate fhir-fixture-shinny-bronx-unhappy-path.json"/>
      <property name="line" value="73"/>
      <property name="timestamp" value="2024-05-30T13:02:19.092Z"/>
      <property name="file" value="assurance/1115-waiver/ahc-hrsn/screening/regression-test-prime/fhir-service-prime/src/2024-05-22/fhir-service.test.http"/>
    </properties>
    <testcase name="status code 200" classname="/Bundle/$validate should validate fhir-fixture-shinny-bronx-unhappy-path.json" time="0.011" assertions="1">
      <properties>
        <property name="displayMessage" value="AssertionError [ERR_ASSERTION]: 400 == 200 - /home/runner/work/docs.techbd.org/docs.techbd.org/assurance/1115-waiver/ahc-hrsn/screening/regression-test-prime/fhir-service-prime/src/2024-05-22/fhir-service.test.http:82:5"/>
        <property name="file" value="/home/runner/work/docs.techbd.org/docs.techbd.org/assurance/1115-waiver/ahc-hrsn/screening/regression-test-prime/fhir-service-prime/src/2024-05-22/fhir-service.test.http"/>
        <property name="line" value="82"/>
        <property name="offset" value="5"/>
        <property name="errorType" value="AssertionError [ERR_ASSERTION]"/>
        <property name="message" value="400 == 200"/>
      </properties>
      <failure message="status code 200" type="AssertionError [ERR_ASSERTION]">{"message":"400 == 200","name":"AssertionError","stack":"AssertionError [ERR_ASSERTION]: 400 == 200\n    at /home/runner/work/docs.techbd.org/docs.techbd.org/assurance/1115-waiver/ahc-hrsn/screening/regression-test-prime/fhir-service-prime/src/2024-05-22/fhir-service.test.http:82:5\n    at Object.o [as test] (/opt/hostedtoolcache/node/20.13.1/x64/lib/node_modules/httpyac/dist/index.js:2:40904)\n    at Object.userJS (/home/runner/work/docs.techbd.org/docs.techbd.org/assurance/1115-waiver/ahc-hrsn/screening/regression-test-prime/fhir-service-prime/src/2024-05-22/fhir-service.test.http:81:3)\n    at rr (/opt/hostedtoolcache/node/20.13.1/x64/lib/node_modules/httpyac/dist/index.js:119:2730)\n    at Pt (/opt/hostedtoolcache/node/20.13.1/x64/lib/node_modules/httpyac/dist/index.js:119:6140)\n    at Object.action (/opt/hostedtoolcache/node/20.13.1/x64/lib/node_modules/httpyac/dist/index.js:119:5411)\n    at n.trigger (/opt/hostedtoolcache/node/20.13.1/x64/lib/node_modules/httpyac/node_modules/hookpoint/dist/index.js:1:2889)\n    at process.processTicksAndRejections (node:internal/process/task_queues:95:5)\n    at async t.execute (/opt/hostedtoolcache/node/20.13.1/x64/lib/node_modules/httpyac/dist/index.js:2:52877)\n    at async mu (/opt/hostedtoolcache/node/20.13.1/x64/lib/node_modules/httpyac/dist/index.js:119:32215)"}</failure>
    </testcase>
    <testcase name="Check content-type" classname="/Bundle/$validate should validate fhir-fixture-shinny-bronx-unhappy-path.json" time="0.011" assertions="1"/>
    <testcase name="response body exists" classname="/Bundle/$validate should validate fhir-fixture-shinny-bronx-unhappy-path.json" time="0.011" assertions="1"/>
    <testcase name="check Result" classname="/Bundle/$validate should validate fhir-fixture-shinny-bronx-unhappy-path.json" time="0.011" assertions="1">
      <properties>
        <property name="displayMessage" value="TypeError: Cannot read properties of undefined (reading 'entries') - /home/runner/work/docs.techbd.org/docs.techbd.org/assurance/1115-waiver/ahc-hrsn/screening/regression-test-prime/fhir-service-prime/src/2024-05-22/fhir-service.test.http:89:50"/>
        <property name="file" value="/home/runner/work/docs.techbd.org/docs.techbd.org/assurance/1115-waiver/ahc-hrsn/screening/regression-test-prime/fhir-service-prime/src/2024-05-22/fhir-service.test.http"/>
        <property name="line" value="89"/>
        <property name="offset" value="50"/>
        <property name="errorType" value="TypeError"/>
        <property name="message" value="Cannot read properties of undefined (reading 'entries')"/>
      </properties>
      <failure message="check Result" type="TypeError">{"message":"Cannot read properties of undefined (reading 'entries')","name":"TypeError","stack":"TypeError: Cannot read properties of undefined (reading 'entries')\n    at /home/runner/work/docs.techbd.org/docs.techbd.org/assurance/1115-waiver/ahc-hrsn/screening/regression-test-prime/fhir-service-prime/src/2024-05-22/fhir-service.test.http:89:50\n    at Object.o [as test] (/opt/hostedtoolcache/node/20.13.1/x64/lib/node_modules/httpyac/dist/index.js:2:40904)\n    at Object.userJS (/home/runner/work/docs.techbd.org/docs.techbd.org/assurance/1115-waiver/ahc-hrsn/screening/regression-test-prime/fhir-service-prime/src/2024-05-22/fhir-service.test.http:88:3)\n    at rr (/opt/hostedtoolcache/node/20.13.1/x64/lib/node_modules/httpyac/dist/index.js:119:2730)\n    at Pt (/opt/hostedtoolcache/node/20.13.1/x64/lib/node_modules/httpyac/dist/index.js:119:6140)\n    at Object.action (/opt/hostedtoolcache/node/20.13.1/x64/lib/node_modules/httpyac/dist/index.js:119:5411)\n    at n.trigger (/opt/hostedtoolcache/node/20.13.1/x64/lib/node_modules/httpyac/node_modules/hookpoint/dist/index.js:1:2889)\n    at process.processTicksAndRejections (node:internal/process/task_queues:95:5)\n    at async t.execute (/opt/hostedtoolcache/node/20.13.1/x64/lib/node_modules/httpyac/dist/index.js:2:52877)\n    at async mu (/opt/hostedtoolcache/node/20.13.1/x64/lib/node_modules/httpyac/dist/index.js:119:32215)"}</failure>
    </testcase>
    <testcase name="check Diagnostics" classname="/Bundle/$validate should validate fhir-fixture-shinny-bronx-unhappy-path.json" time="0.011" assertions="1">
      <properties>
        <property name="displayMessage" value="TypeError: Cannot read properties of undefined (reading 'entries') - /home/runner/work/docs.techbd.org/docs.techbd.org/assurance/1115-waiver/ahc-hrsn/screening/regression-test-prime/fhir-service-prime/src/2024-05-22/fhir-service.test.http:92:50"/>
        <property name="file" value="/home/runner/work/docs.techbd.org/docs.techbd.org/assurance/1115-waiver/ahc-hrsn/screening/regression-test-prime/fhir-service-prime/src/2024-05-22/fhir-service.test.http"/>
        <property name="line" value="92"/>
        <property name="offset" value="50"/>
        <property name="errorType" value="TypeError"/>
        <property name="message" value="Cannot read properties of undefined (reading 'entries')"/>
      </properties>
      <failure message="check Diagnostics" type="TypeError">{"message":"Cannot read properties of undefined (reading 'entries')","name":"TypeError","stack":"TypeError: Cannot read properties of undefined (reading 'entries')\n    at /home/runner/work/docs.techbd.org/docs.techbd.org/assurance/1115-waiver/ahc-hrsn/screening/regression-test-prime/fhir-service-prime/src/2024-05-22/fhir-service.test.http:92:50\n    at Object.o [as test] (/opt/hostedtoolcache/node/20.13.1/x64/lib/node_modules/httpyac/dist/index.js:2:40904)\n    at Object.userJS (/home/runner/work/docs.techbd.org/docs.techbd.org/assurance/1115-waiver/ahc-hrsn/screening/regression-test-prime/fhir-service-prime/src/2024-05-22/fhir-service.test.http:91:3)\n    at rr (/opt/hostedtoolcache/node/20.13.1/x64/lib/node_modules/httpyac/dist/index.js:119:2730)\n    at Pt (/opt/hostedtoolcache/node/20.13.1/x64/lib/node_modules/httpyac/dist/index.js:119:6140)\n    at Object.action (/opt/hostedtoolcache/node/20.13.1/x64/lib/node_modules/httpyac/dist/index.js:119:5411)\n    at n.trigger (/opt/hostedtoolcache/node/20.13.1/x64/lib/node_modules/httpyac/node_modules/hookpoint/dist/index.js:1:2889)\n    at process.processTicksAndRejections (node:internal/process/task_queues:95:5)\n    at async t.execute (/opt/hostedtoolcache/node/20.13.1/x64/lib/node_modules/httpyac/dist/index.js:2:52877)\n    at async mu (/opt/hostedtoolcache/node/20.13.1/x64/lib/node_modules/httpyac/dist/index.js:119:32215)"}</failure>
    </testcase>
  </testsuite>
  <testsuite name="/Bundle/$validate should validate fhir-fixture-shinny-healtheconnections-unhappy-path.json" tests="5" errors="0" failures="3" skipped="0" package="assurance/1115-waiver/ahc-hrsn/screening/regression-test-prime/fhir-service-prime/src/2024-05-22/fhir-service.test.http" time="0.034">
    <properties>
      <property name="title" value="/Bundle/$validate should validate fhir-fixture-shinny-healtheconnections-unhappy-path.json"/>
      <property name="line" value="99"/>
      <property name="timestamp" value="2024-05-30T13:02:19.148Z"/>
      <property name="file" value="assurance/1115-waiver/ahc-hrsn/screening/regression-test-prime/fhir-service-prime/src/2024-05-22/fhir-service.test.http"/>
    </properties>
    <testcase name="status code 200" classname="/Bundle/$validate should validate fhir-fixture-shinny-healtheconnections-unhappy-path.json" time="0.007" assertions="1">
      <properties>
        <property name="displayMessage" value="AssertionError [ERR_ASSERTION]: 400 == 200 - /home/runner/work/docs.techbd.org/docs.techbd.org/assurance/1115-waiver/ahc-hrsn/screening/regression-test-prime/fhir-service-prime/src/2024-05-22/fhir-service.test.http:108:5"/>
        <property name="file" value="/home/runner/work/docs.techbd.org/docs.techbd.org/assurance/1115-waiver/ahc-hrsn/screening/regression-test-prime/fhir-service-prime/src/2024-05-22/fhir-service.test.http"/>
        <property name="line" value="108"/>
        <property name="offset" value="5"/>
        <property name="errorType" value="AssertionError [ERR_ASSERTION]"/>
        <property name="message" value="400 == 200"/>
      </properties>
      <failure message="status code 200" type="AssertionError [ERR_ASSERTION]">{"message":"400 == 200","name":"AssertionError","stack":"AssertionError [ERR_ASSERTION]: 400 == 200\n    at /home/runner/work/docs.techbd.org/docs.techbd.org/assurance/1115-waiver/ahc-hrsn/screening/regression-test-prime/fhir-service-prime/src/2024-05-22/fhir-service.test.http:108:5\n    at Object.o [as test] (/opt/hostedtoolcache/node/20.13.1/x64/lib/node_modules/httpyac/dist/index.js:2:40904)\n    at Object.userJS (/home/runner/work/docs.techbd.org/docs.techbd.org/assurance/1115-waiver/ahc-hrsn/screening/regression-test-prime/fhir-service-prime/src/2024-05-22/fhir-service.test.http:107:3)\n    at rr (/opt/hostedtoolcache/node/20.13.1/x64/lib/node_modules/httpyac/dist/index.js:119:2730)\n    at Pt (/opt/hostedtoolcache/node/20.13.1/x64/lib/node_modules/httpyac/dist/index.js:119:6140)\n    at Object.action (/opt/hostedtoolcache/node/20.13.1/x64/lib/node_modules/httpyac/dist/index.js:119:5411)\n    at n.trigger (/opt/hostedtoolcache/node/20.13.1/x64/lib/node_modules/httpyac/node_modules/hookpoint/dist/index.js:1:2889)\n    at process.processTicksAndRejections (node:internal/process/task_queues:95:5)\n    at async t.execute (/opt/hostedtoolcache/node/20.13.1/x64/lib/node_modules/httpyac/dist/index.js:2:52877)\n    at async mu (/opt/hostedtoolcache/node/20.13.1/x64/lib/node_modules/httpyac/dist/index.js:119:32215)"}</failure>
    </testcase>
    <testcase name="Check content-type" classname="/Bundle/$validate should validate fhir-fixture-shinny-healtheconnections-unhappy-path.json" time="0.007" assertions="1"/>
    <testcase name="response body exists" classname="/Bundle/$validate should validate fhir-fixture-shinny-healtheconnections-unhappy-path.json" time="0.007" assertions="1"/>
    <testcase name="check Result" classname="/Bundle/$validate should validate fhir-fixture-shinny-healtheconnections-unhappy-path.json" time="0.007" assertions="1">
      <properties>
        <property name="displayMessage" value="TypeError: Cannot read properties of undefined (reading 'entries') - /home/runner/work/docs.techbd.org/docs.techbd.org/assurance/1115-waiver/ahc-hrsn/screening/regression-test-prime/fhir-service-prime/src/2024-05-22/fhir-service.test.http:115:50"/>
        <property name="file" value="/home/runner/work/docs.techbd.org/docs.techbd.org/assurance/1115-waiver/ahc-hrsn/screening/regression-test-prime/fhir-service-prime/src/2024-05-22/fhir-service.test.http"/>
        <property name="line" value="115"/>
        <property name="offset" value="50"/>
        <property name="errorType" value="TypeError"/>
        <property name="message" value="Cannot read properties of undefined (reading 'entries')"/>
      </properties>
      <failure message="check Result" type="TypeError">{"message":"Cannot read properties of undefined (reading 'entries')","name":"TypeError","stack":"TypeError: Cannot read properties of undefined (reading 'entries')\n    at /home/runner/work/docs.techbd.org/docs.techbd.org/assurance/1115-waiver/ahc-hrsn/screening/regression-test-prime/fhir-service-prime/src/2024-05-22/fhir-service.test.http:115:50\n    at Object.o [as test] (/opt/hostedtoolcache/node/20.13.1/x64/lib/node_modules/httpyac/dist/index.js:2:40904)\n    at Object.userJS (/home/runner/work/docs.techbd.org/docs.techbd.org/assurance/1115-waiver/ahc-hrsn/screening/regression-test-prime/fhir-service-prime/src/2024-05-22/fhir-service.test.http:114:3)\n    at rr (/opt/hostedtoolcache/node/20.13.1/x64/lib/node_modules/httpyac/dist/index.js:119:2730)\n    at Pt (/opt/hostedtoolcache/node/20.13.1/x64/lib/node_modules/httpyac/dist/index.js:119:6140)\n    at Object.action (/opt/hostedtoolcache/node/20.13.1/x64/lib/node_modules/httpyac/dist/index.js:119:5411)\n    at n.trigger (/opt/hostedtoolcache/node/20.13.1/x64/lib/node_modules/httpyac/node_modules/hookpoint/dist/index.js:1:2889)\n    at process.processTicksAndRejections (node:internal/process/task_queues:95:5)\n    at async t.execute (/opt/hostedtoolcache/node/20.13.1/x64/lib/node_modules/httpyac/dist/index.js:2:52877)\n    at async mu (/opt/hostedtoolcache/node/20.13.1/x64/lib/node_modules/httpyac/dist/index.js:119:32215)"}</failure>
    </testcase>
    <testcase name="check Diagnostics" classname="/Bundle/$validate should validate fhir-fixture-shinny-healtheconnections-unhappy-path.json" time="0.007" assertions="1">
      <properties>
        <property name="displayMessage" value="TypeError: Cannot read properties of undefined (reading 'entries') - /home/runner/work/docs.techbd.org/docs.techbd.org/assurance/1115-waiver/ahc-hrsn/screening/regression-test-prime/fhir-service-prime/src/2024-05-22/fhir-service.test.http:118:51"/>
        <property name="file" value="/home/runner/work/docs.techbd.org/docs.techbd.org/assurance/1115-waiver/ahc-hrsn/screening/regression-test-prime/fhir-service-prime/src/2024-05-22/fhir-service.test.http"/>
        <property name="line" value="118"/>
        <property name="offset" value="51"/>
        <property name="errorType" value="TypeError"/>
        <property name="message" value="Cannot read properties of undefined (reading 'entries')"/>
      </properties>
      <failure message="check Diagnostics" type="TypeError">{"message":"Cannot read properties of undefined (reading 'entries')","name":"TypeError","stack":"TypeError: Cannot read properties of undefined (reading 'entries')\n    at /home/runner/work/docs.techbd.org/docs.techbd.org/assurance/1115-waiver/ahc-hrsn/screening/regression-test-prime/fhir-service-prime/src/2024-05-22/fhir-service.test.http:118:51\n    at Object.o [as test] (/opt/hostedtoolcache/node/20.13.1/x64/lib/node_modules/httpyac/dist/index.js:2:40904)\n    at Object.userJS (/home/runner/work/docs.techbd.org/docs.techbd.org/assurance/1115-waiver/ahc-hrsn/screening/regression-test-prime/fhir-service-prime/src/2024-05-22/fhir-service.test.http:117:3)\n    at rr (/opt/hostedtoolcache/node/20.13.1/x64/lib/node_modules/httpyac/dist/index.js:119:2730)\n    at Pt (/opt/hostedtoolcache/node/20.13.1/x64/lib/node_modules/httpyac/dist/index.js:119:6140)\n    at Object.action (/opt/hostedtoolcache/node/20.13.1/x64/lib/node_modules/httpyac/dist/index.js:119:5411)\n    at n.trigger (/opt/hostedtoolcache/node/20.13.1/x64/lib/node_modules/httpyac/node_modules/hookpoint/dist/index.js:1:2889)\n    at process.processTicksAndRejections (node:internal/process/task_queues:95:5)\n    at async t.execute (/opt/hostedtoolcache/node/20.13.1/x64/lib/node_modules/httpyac/dist/index.js:2:52877)\n    at async mu (/opt/hostedtoolcache/node/20.13.1/x64/lib/node_modules/httpyac/dist/index.js:119:32215)"}</failure>
    </testcase>
  </testsuite>
  <testsuite name="/Bundle should validate and submit fhir-fixture-shinny-impl-guide-sample.json as HEALTHeLINK" tests="4" errors="0" failures="2" skipped="0" package="assurance/1115-waiver/ahc-hrsn/screening/regression-test-prime/fhir-service-prime/src/2024-05-22/fhir-service.test.http" time="0.034">
    <properties>
      <property name="title" value="/Bundle should validate and submit fhir-fixture-shinny-impl-guide-sample.json as HEALTHeLINK"/>
      <property name="line" value="124"/>
      <property name="timestamp" value="2024-05-30T13:02:19.182Z"/>
      <property name="file" value="assurance/1115-waiver/ahc-hrsn/screening/regression-test-prime/fhir-service-prime/src/2024-05-22/fhir-service.test.http"/>
    </properties>
    <testcase name="status code 201" classname="/Bundle should validate and submit fhir-fixture-shinny-impl-guide-sample.json as HEALTHeLINK" time="0.008" assertions="1"/>
    <testcase name="Check content-type" classname="/Bundle should validate and submit fhir-fixture-shinny-impl-guide-sample.json as HEALTHeLINK" time="0.008" assertions="1">
      <properties>
        <property name="displayMessage" value="AssertionError [ERR_ASSERTION]: 'application/json' == 'text/plain;charset=UTF-8' - /home/runner/work/docs.techbd.org/docs.techbd.org/assurance/1115-waiver/ahc-hrsn/screening/regression-test-prime/fhir-service-prime/src/2024-05-22/fhir-service.test.http:134:5"/>
        <property name="file" value="/home/runner/work/docs.techbd.org/docs.techbd.org/assurance/1115-waiver/ahc-hrsn/screening/regression-test-prime/fhir-service-prime/src/2024-05-22/fhir-service.test.http"/>
        <property name="line" value="134"/>
        <property name="offset" value="5"/>
        <property name="errorType" value="AssertionError [ERR_ASSERTION]"/>
        <property name="message" value="'application/json' == 'text/plain;charset=UTF-8'"/>
      </properties>
      <failure message="Check content-type" type="AssertionError [ERR_ASSERTION]">{"message":"'application/json' == 'text/plain;charset=UTF-8'","name":"AssertionError","stack":"AssertionError [ERR_ASSERTION]: 'application/json' == 'text/plain;charset=UTF-8'\n    at /home/runner/work/docs.techbd.org/docs.techbd.org/assurance/1115-waiver/ahc-hrsn/screening/regression-test-prime/fhir-service-prime/src/2024-05-22/fhir-service.test.http:134:5\n    at Object.o [as test] (/opt/hostedtoolcache/node/20.13.1/x64/lib/node_modules/httpyac/dist/index.js:2:40904)\n    at Object.userJS (/home/runner/work/docs.techbd.org/docs.techbd.org/assurance/1115-waiver/ahc-hrsn/screening/regression-test-prime/fhir-service-prime/src/2024-05-22/fhir-service.test.http:133:3)\n    at rr (/opt/hostedtoolcache/node/20.13.1/x64/lib/node_modules/httpyac/dist/index.js:119:2730)\n    at Pt (/opt/hostedtoolcache/node/20.13.1/x64/lib/node_modules/httpyac/dist/index.js:119:6140)\n    at Object.action (/opt/hostedtoolcache/node/20.13.1/x64/lib/node_modules/httpyac/dist/index.js:119:5411)\n    at n.trigger (/opt/hostedtoolcache/node/20.13.1/x64/lib/node_modules/httpyac/node_modules/hookpoint/dist/index.js:1:2889)\n    at process.processTicksAndRejections (node:internal/process/task_queues:95:5)\n    at async t.execute (/opt/hostedtoolcache/node/20.13.1/x64/lib/node_modules/httpyac/dist/index.js:2:52877)\n    at async mu (/opt/hostedtoolcache/node/20.13.1/x64/lib/node_modules/httpyac/dist/index.js:119:32215)"}</failure>
    </testcase>
    <testcase name="response body exists" classname="/Bundle should validate and submit fhir-fixture-shinny-impl-guide-sample.json as HEALTHeLINK" time="0.008" assertions="1"/>
    <testcase name="check Result" classname="/Bundle should validate and submit fhir-fixture-shinny-impl-guide-sample.json as HEALTHeLINK" time="0.008" assertions="1">
      <properties>
        <property name="displayMessage" value="AssertionError [ERR_ASSERTION]: '{&quot;timestamp&quot;:&quot;2024-05-30T13:02:19.201+00:00&quot;,&quot;status&quot;:404,&quot;error&quot;:&quot;Not Found&quot;,&quot;trace&quot;:&quot;org.springframework.web.servlet.resource.NoResourceFoundException: No static resource Bundle.\\n\\tat org.springframework.web.servlet.resource.ResourceHttpRequestHandler.handleRequest(ResourceHttpRequestHandler.java:585)\\n\\tat org.springframework.web.servlet.mvc.HttpRequestHandlerAdapter.handle(HttpRequestHandlerAdapter.java: 52)\\n\\tat org.springframework.web.servlet.DispatcherServlet.doDispatch(DispatcherServlet.j... == 'API invoked' - /home/runner/work/docs.techbd.org/docs.techbd.org/assurance/1115-waiver/ahc-hrsn/screening/regression-test-prime/fhir-service-prime/src/2024-05-22/fhir-service.test.http:138:5"/>
        <property name="file" value="/home/runner/work/docs.techbd.org/docs.techbd.org/assurance/1115-waiver/ahc-hrsn/screening/regression-test-prime/fhir-service-prime/src/2024-05-22/fhir-service.test.http"/>
        <property name="line" value="138"/>
        <property name="offset" value="5"/>
        <property name="errorType" value="AssertionError [ERR_ASSERTION]: '{&quot;timestamp&quot;:&quot;2024-05-30T13:02:19.201+00:00&quot;,&quot;status&quot;:404,&quot;error&quot;:&quot;Not Found&quot;,&quot;trace&quot;:&quot;org.springframework.web.servlet.resource.NoResourceFoundException: No static resource Bundle.\\n\\tat org.springframework.web.servlet.resource.ResourceHttpRequestHandler.handleRequest(ResourceHttpRequestHandler.java:585)\\n\\tat org.springframework.web.servlet.mvc.HttpRequestHandlerAdapter.handle(HttpRequestHandlerAdapter.java"/>
        <property name="message" value="52)\\n\\tat org.springframework.web.servlet.DispatcherServlet.doDispatch(DispatcherServlet.j... == 'API invoked'"/>
      </properties>
      <failure message="check Result" type="AssertionError [ERR_ASSERTION]: '{&quot;timestamp&quot;:&quot;2024-05-30T13:02:19.201+00:00&quot;,&quot;status&quot;:404,&quot;error&quot;:&quot;Not Found&quot;,&quot;trace&quot;:&quot;org.springframework.web.servlet.resource.NoResourceFoundException: No static resource Bundle.\\n\\tat org.springframework.web.servlet.resource.ResourceHttpRequestHandler.handleRequest(ResourceHttpRequestHandler.java:585)\\n\\tat org.springframework.web.servlet.mvc.HttpRequestHandlerAdapter.handle(HttpRequestHandlerAdapter.java">{"message":"'{\"timestamp\":\"2024-05-30T13:02:19.201+00:00\",\"status\":404,\"error\":\"Not Found\",\"trace\":\"org.springframework.web.servlet.resource.NoResourceFoundException: No static resource Bundle.\\\\n\\\\tat org.springframework.web.servlet.resource.ResourceHttpRequestHandler.handleRequest(ResourceHttpRequestHandler.java:585)\\\\n\\\\tat org.springframework.web.servlet.mvc.HttpRequestHandlerAdapter.handle(HttpRequestHandlerAdapter.java:52)\\\\n\\\\tat org.springframework.web.servlet.DispatcherServlet.doDispatch(DispatcherServlet.j... == 'API invoked'","name":"AssertionError","stack":"AssertionError [ERR_ASSERTION]: '{\"timestamp\":\"2024-05-30T13:02:19.201+00:00\",\"status\":404,\"error\":\"Not Found\",\"trace\":\"org.springframework.web.servlet.resource.NoResourceFoundException: No static resource Bundle.\\\\n\\\\tat org.springframework.web.servlet.resource.ResourceHttpRequestHandler.handleRequest(ResourceHttpRequestHandler.java:585)\\\\n\\\\tat org.springframework.web.servlet.mvc.HttpRequestHandlerAdapter.handle(HttpRequestHandlerAdapter.java:52)\\\\n\\\\tat org.springframework.web.servlet.DispatcherServlet.doDispatch(DispatcherServlet.j... == 'API invoked'\n    at /home/runner/work/docs.techbd.org/docs.techbd.org/assurance/1115-waiver/ahc-hrsn/screening/regression-test-prime/fhir-service-prime/src/2024-05-22/fhir-service.test.http:138:5\n    at Object.o [as test] (/opt/hostedtoolcache/node/20.13.1/x64/lib/node_modules/httpyac/dist/index.js:2:40904)\n    at Object.userJS (/home/runner/work/docs.techbd.org/docs.techbd.org/assurance/1115-waiver/ahc-hrsn/screening/regression-test-prime/fhir-service-prime/src/2024-05-22/fhir-service.test.http:137:3)\n    at rr (/opt/hostedtoolcache/node/20.13.1/x64/lib/node_modules/httpyac/dist/index.js:119:2730)\n    at Pt (/opt/hostedtoolcache/node/20.13.1/x64/lib/node_modules/httpyac/dist/index.js:119:6140)\n    at Object.action (/opt/hostedtoolcache/node/20.13.1/x64/lib/node_modules/httpyac/dist/index.js:119:5411)\n    at n.trigger (/opt/hostedtoolcache/node/20.13.1/x64/lib/node_modules/httpyac/node_modules/hookpoint/dist/index.js:1:2889)\n    at process.processTicksAndRejections (node:internal/process/task_queues:95:5)\n    at async t.execute (/opt/hostedtoolcache/node/20.13.1/x64/lib/node_modules/httpyac/dist/index.js:2:52877)\n    at async mu (/opt/hostedtoolcache/node/20.13.1/x64/lib/node_modules/httpyac/dist/index.js:119:32215)"}</failure>
    </testcase>
  </testsuite>
  <testsuite name="/admin/diagnostics endpoint should be an HTML page" tests="1" errors="0" failures="1" skipped="0" package="assurance/1115-waiver/ahc-hrsn/screening/regression-test-prime/fhir-service-prime/src/2024-05-22/fhir-service.test.http" time="0.031">
    <properties>
      <property name="title" value="/admin/diagnostics endpoint should be an HTML page"/>
      <property name="line" value="144"/>
      <property name="timestamp" value="2024-05-30T13:02:19.216Z"/>
      <property name="file" value="assurance/1115-waiver/ahc-hrsn/screening/regression-test-prime/fhir-service-prime/src/2024-05-22/fhir-service.test.http"/>
    </properties>
    <testcase name="status code 200" classname="/admin/diagnostics endpoint should be an HTML page" time="0.031" assertions="1">
      <properties>
        <property name="displayMessage" value="AssertionError [ERR_ASSERTION]: 404 == 200 - /home/runner/work/docs.techbd.org/docs.techbd.org/assurance/1115-waiver/ahc-hrsn/screening/regression-test-prime/fhir-service-prime/src/2024-05-22/fhir-service.test.http:152:5"/>
        <property name="file" value="/home/runner/work/docs.techbd.org/docs.techbd.org/assurance/1115-waiver/ahc-hrsn/screening/regression-test-prime/fhir-service-prime/src/2024-05-22/fhir-service.test.http"/>
        <property name="line" value="152"/>
        <property name="offset" value="5"/>
        <property name="errorType" value="AssertionError [ERR_ASSERTION]"/>
        <property name="message" value="404 == 200"/>
      </properties>
      <failure message="status code 200" type="AssertionError [ERR_ASSERTION]">{"message":"404 == 200","name":"AssertionError","stack":"AssertionError [ERR_ASSERTION]: 404 == 200\n    at /home/runner/work/docs.techbd.org/docs.techbd.org/assurance/1115-waiver/ahc-hrsn/screening/regression-test-prime/fhir-service-prime/src/2024-05-22/fhir-service.test.http:152:5\n    at Object.o [as test] (/opt/hostedtoolcache/node/20.13.1/x64/lib/node_modules/httpyac/dist/index.js:2:40904)\n    at Object.userJS (/home/runner/work/docs.techbd.org/docs.techbd.org/assurance/1115-waiver/ahc-hrsn/screening/regression-test-prime/fhir-service-prime/src/2024-05-22/fhir-service.test.http:151:3)\n    at rr (/opt/hostedtoolcache/node/20.13.1/x64/lib/node_modules/httpyac/dist/index.js:119:2730)\n    at Pt (/opt/hostedtoolcache/node/20.13.1/x64/lib/node_modules/httpyac/dist/index.js:119:6140)\n    at Object.action (/opt/hostedtoolcache/node/20.13.1/x64/lib/node_modules/httpyac/dist/index.js:119:5411)\n    at n.trigger (/opt/hostedtoolcache/node/20.13.1/x64/lib/node_modules/httpyac/node_modules/hookpoint/dist/index.js:1:2889)\n    at process.processTicksAndRejections (node:internal/process/task_queues:95:5)\n    at async t.execute (/opt/hostedtoolcache/node/20.13.1/x64/lib/node_modules/httpyac/dist/index.js:2:52877)\n    at async mu (/opt/hostedtoolcache/node/20.13.1/x64/lib/node_modules/httpyac/dist/index.js:119:32215)"}</failure>
    </testcase>
  </testsuite>
</testsuites>
