<!DOCTYPE html>
<html lang="en">
<head>
    <meta charset="UTF-8">
    <title>regression-test-results.httpyac.junit.xml</title>
    <style type="text/css">
        body {
    background-color: white;
    padding-bottom: 20em;
    margin: 0;
    min-height: 15cm;
}

h1, h2, h3, h4, h5, h6, h7 {
    font-family: sans-serif;
}

h1 {
    background-color: #007acc;
    color: white;
    padding: 3mm;
    margin-top: 0;
    margin-bottom: 1mm;
}

.footer {
    font-style: italic;
    font-size: small;
    text-align: right;
    padding: 1em;
}

.testsuite {
    padding-bottom: 2em;
    margin-left: 1em;
}

.proplist {
    width: 100%;
    margin-bottom: 2em;
    border-collapse: collapse;
    border: 1px solid grey;
}

.proplist th {
    background-color: silver;
    width: 5em;
    padding: 2px;
    padding-right: 1em;
    text-align: left;
}

.proplist td {
    padding: 2px;
    word-break: break-all;
}

.index-table {
    width: 90%;
    margin-left: 1em;
}

.index-table td {
    vertical-align: top;
    max-width: 200px;
    word-wrap: break-word;
}

.failure-index {

}

.toc {
    margin-bottom: 2em;
    font-family: monospace;
}

.stdio, pre {
    min-height: 1em;
    background-color: #1e1e1e;
    color: silver;
    padding: 0.5em;
}
.tdpre {
    background-color: #1e1e1e;
}

.test {
    margin-left: 0.5cm;
}

.toc {
    list-style: none;
}

.toc li.outcome {
    list-style: none;
}

.toc li.outcome::before {
    content: "\2022";
    color: black;
    font-weight: bold;
    display: inline-block;
    width: 1.27em;
    margin-left: -1.27em;
    font-size: 1.2em;
}

.toc li.outcome-failed {
    background-color: lightcoral;
}

.toc li.outcome-failed::before {
    color: red;
}

.toc li.outcome-passed::before {
    color: green;
}

.toc li.outcome-skipped::before {
    color: orange;
}

.testcases .outcome {
    border-left: 1em;
    padding: 2px;
}

.testcases .outcome-failed {
    border-left: 1em solid lightcoral;
}


.outcome-passed {
    border-left: 1em solid lightgreen;
}

.outcome-skipped {
    border-left: 1em dotted silver;
}

.testcases .outcome-passed {
    border-left: 1em solid lightgreen;
}

.testcases .outcome-skipped {
    border-left: 1em solid #FED8B1;
}

.stats-table {
}

.stats-table td {
    min-width: 4em;
    text-align: right;
}

.stats-table .failed {
    background-color: lightcoral;
}

.stats-table .passed {
    background-color: lightgreen;
}

.matrix-table {
    table-layout: fixed;
    border-spacing: 0;
    width: available;
    margin-left: 1em;
}

.matrix-table td {
    vertical-align: center;
}

.matrix-table td:last-child {
    width: 0;
}

.matrix-table tr:hover {
    background-color: yellow;
}

.matrix-axis-name {
    white-space: nowrap;
    padding-right: 0.5em;
    border-left: 1px solid black;
    border-top: 1px solid black;
    text-align: right;
}

.matrix-axis-line {
    border-left: 1px solid black;
    width: 0.5em;
}

.matrix-classname {
    text-align: left;
    width: 100%;
    border-top: 2px solid grey;
    border-bottom: 1px solid silver;
}

.matrix-casename {
    text-align: left;
    font-weight: normal;
    font-style: italic;
    padding-left: 1em;
    border-bottom: 1px solid silver;
}

.matrix-result {
    display: block;
    width: 1em;
    text-align: center;
    padding: 1mm;
    margin: 0;
}

.matrix-result-combined {
    white-space: nowrap;
    padding-right: 0.2em;
    text-align: right;
}

.matrix-result-failed {
    background-color: lightcoral;
}

.matrix-result-passed {
    background-color: lightgreen;
}

.matrix-result-skipped {
    background-color: lightyellow;
}

.matrix-even {
    background-color: lightgray;
}
    </style>
</head>
<body>
    
<h1>
    Test Report : regression-test-results.httpyac.junit.xml
</h1>


<a id="toc"></a>
<table class="index-table">
    <tr>
        <td>
            <ul class="toc">
            
                
                <li>/metadata endpoint should return FHIR CapabilityStatement
                <ul>
                    
                    <li class="outcome outcome-passed"><a href="#56b1e398-0dbf-4d36-a5e2-6aacb4ea9657">status code 200</a></li>
                    
                    <li class="outcome outcome-failed"><a href="#3a732252-b815-4893-94c9-74a0cdeabb7d">Check content-type</a></li>
                    
                    <li class="outcome outcome-passed"><a href="#7b19c825-3230-4d34-8a9f-2ae40b0db4a3">response body exists</a></li>
                    
                </ul>
                </li>
                
            
                
                <li>/Bundle/$validate should validate fhir-fixture-shinny-impl-guide-sample.json
                <ul>
                    
                    <li class="outcome outcome-failed"><a href="#b30cd8db-d171-4ab6-bd0a-989475876725">status code 200</a></li>
                    
                    <li class="outcome outcome-passed"><a href="#d2e06137-e97f-4287-a09f-de31c87471a1">Check content-type</a></li>
                    
                    <li class="outcome outcome-passed"><a href="#7c63c78e-3110-490b-a736-3a2c590e8284">response body exists</a></li>
                    
                    <li class="outcome outcome-failed"><a href="#16b7b305-0b88-48aa-8df2-dc23dc7dbfd5">Check Resource Type</a></li>
                    
                </ul>
                </li>
                
            
                
                <li>/Bundle/$validate should validate fhir-fixture-unhappy-path-01.json
                <ul>
                    
                    <li class="outcome outcome-failed"><a href="#ea3449da-4030-4a12-9145-5ca350dc3dd9">status code 200</a></li>
                    
                    <li class="outcome outcome-passed"><a href="#bb641233-863a-4ba1-915a-d4853a02e9a5">Check content-type</a></li>
                    
                    <li class="outcome outcome-passed"><a href="#4d7154b5-0ba5-405e-904f-a781c25458ef">response body exists</a></li>
                    
                    <li class="outcome outcome-failed"><a href="#51788196-d339-44c3-88a5-16d952f20d15">check Result</a></li>
                    
                </ul>
                </li>
                
            
                
                <li>/Bundle/$validate should validate fhir-fixture-shinny-bronx-unhappy-path.json
                <ul>
                    
                    <li class="outcome outcome-failed"><a href="#4d5f717f-0382-44d3-8b14-aff556bf0d76">status code 200</a></li>
                    
                    <li class="outcome outcome-passed"><a href="#2f0d4b79-28a1-49f7-92bb-5c7f0d8ea65f">Check content-type</a></li>
                    
                    <li class="outcome outcome-passed"><a href="#e83dfdfd-4fa5-4928-8525-d107683caa07">response body exists</a></li>
                    
                    <li class="outcome outcome-failed"><a href="#a66b0097-c9c6-4e99-86fd-6c6887bf1a08">check Result</a></li>
                    
                    <li class="outcome outcome-failed"><a href="#fda68e44-ee5c-4dec-91ff-1df6426c12da">check Diagnostics</a></li>
                    
                </ul>
                </li>
                
            
                
                <li>/Bundle/$validate should validate fhir-fixture-shinny-healtheconnections-unhappy-path.json
                <ul>
                    
                    <li class="outcome outcome-failed"><a href="#8a6c9161-bcaf-4d5d-b0e6-d3663e64f5bb">status code 200</a></li>
                    
                    <li class="outcome outcome-passed"><a href="#c617d6aa-887a-4358-9544-d8847f66a06f">Check content-type</a></li>
                    
                    <li class="outcome outcome-passed"><a href="#deb4dc64-b3b6-45f4-a5ed-e9d42079d555">response body exists</a></li>
                    
                    <li class="outcome outcome-failed"><a href="#4dfa025f-a01d-4001-9d0d-e355fd1332c6">check Result</a></li>
                    
                    <li class="outcome outcome-failed"><a href="#9e7cba78-16eb-421b-b152-1675ef0702b3">check Diagnostics</a></li>
                    
                </ul>
                </li>
                
            
                
                <li>/Bundle should validate and submit fhir-fixture-shinny-impl-guide-sample.json as HEALTHeLINK
                <ul>
                    
                    <li class="outcome outcome-passed"><a href="#42404613-09b8-4471-9247-f00fc675ec73">status code 201</a></li>
                    
                    <li class="outcome outcome-failed"><a href="#5f16acd4-720b-4c45-aed5-5af83efcd374">Check content-type</a></li>
                    
                    <li class="outcome outcome-passed"><a href="#f085f5c5-430b-4470-851e-4d10ebf5d84d">response body exists</a></li>
                    
                    <li class="outcome outcome-failed"><a href="#5fd1526e-d062-4018-9d49-61ba289de5e6">check Result</a></li>
                    
                </ul>
                </li>
                
            
                
                <li>/admin/diagnostics endpoint should be an HTML page
                <ul>
                    
                    <li class="outcome outcome-failed"><a href="#61f299f7-91d4-4f66-88e7-64531805dd00">status code 200</a></li>
                    
                </ul>
                </li>
                
            
            </ul>
        </td>
        <td class="failure-index">
            <ul class="toc">
            
                
                    
                    
                    
                    
                    <li><a href="#3a732252-b815-4893-94c9-74a0cdeabb7d">[F] /metadata endpoint should return FHIR CapabilityStatement : Check content-type</a></li>
                    
                    
                    
                    
                
            
                
                    
                    
                    <li><a href="#b30cd8db-d171-4ab6-bd0a-989475876725">[F] /Bundle/$validate should validate fhir-fixture-shinny-impl-guide-sample.json : status code 200</a></li>
                    
                    
                    
                    
                    
                    
                    
                    <li><a href="#16b7b305-0b88-48aa-8df2-dc23dc7dbfd5">[F] /Bundle/$validate should validate fhir-fixture-shinny-impl-guide-sample.json : Check Resource Type</a></li>
                    
                    
                
            
                
                    
                    
                    <li><a href="#ea3449da-4030-4a12-9145-5ca350dc3dd9">[F] /Bundle/$validate should validate fhir-fixture-unhappy-path-01.json : status code 200</a></li>
                    
                    
                    
                    
                    
                    
                    
                    <li><a href="#51788196-d339-44c3-88a5-16d952f20d15">[F] /Bundle/$validate should validate fhir-fixture-unhappy-path-01.json : check Result</a></li>
                    
                    
                
            
                
                    
                    
                    <li><a href="#4d5f717f-0382-44d3-8b14-aff556bf0d76">[F] /Bundle/$validate should validate fhir-fixture-shinny-bronx-unhappy-path.json : status code 200</a></li>
                    
                    
                    
                    
                    
                    
                    
                    <li><a href="#a66b0097-c9c6-4e99-86fd-6c6887bf1a08">[F] /Bundle/$validate should validate fhir-fixture-shinny-bronx-unhappy-path.json : check Result</a></li>
                    
                    
                    
                    <li><a href="#fda68e44-ee5c-4dec-91ff-1df6426c12da">[F] /Bundle/$validate should validate fhir-fixture-shinny-bronx-unhappy-path.json : check Diagnostics</a></li>
                    
                    
                
            
                
                    
                    
                    <li><a href="#8a6c9161-bcaf-4d5d-b0e6-d3663e64f5bb">[F] /Bundle/$validate should validate fhir-fixture-shinny-healtheconnections-unhappy-path.json : status code 200</a></li>
                    
                    
                    
                    
                    
                    
                    
                    <li><a href="#4dfa025f-a01d-4001-9d0d-e355fd1332c6">[F] /Bundle/$validate should validate fhir-fixture-shinny-healtheconnections-unhappy-path.json : check Result</a></li>
                    
                    
                    
                    <li><a href="#9e7cba78-16eb-421b-b152-1675ef0702b3">[F] /Bundle/$validate should validate fhir-fixture-shinny-healtheconnections-unhappy-path.json : check Diagnostics</a></li>
                    
                    
                
            
                
                    
                    
                    
                    
                    <li><a href="#5f16acd4-720b-4c45-aed5-5af83efcd374">[F] /Bundle should validate and submit fhir-fixture-shinny-impl-guide-sample.json as HEALTHeLINK : Check content-type</a></li>
                    
                    
                    
                    
                    
                    <li><a href="#5fd1526e-d062-4018-9d49-61ba289de5e6">[F] /Bundle should validate and submit fhir-fixture-shinny-impl-guide-sample.json as HEALTHeLINK : check Result</a></li>
                    
                    
                
            
                
                    
                    
                    <li><a href="#61f299f7-91d4-4f66-88e7-64531805dd00">[F] /admin/diagnostics endpoint should be an HTML page : status code 200</a></li>
                    
                    
                
            
            </ul>
        </td>
    </tr>
</table>



    <div class="testsuite">
        <h2>Test Suite: /metadata endpoint should return FHIR CapabilityStatement</h2>
        <a id="aa399894-98ca-4504-90ef-052a9d3096c7"></a>
        
        <span>Package: assurance/1115-waiver/ahc-hrsn/screening/regression-test-prime/fhir-service-prime/src/2024-05-22/fhir-service.test.http</span>
        
        
        <h3>Suite Properties</h3>
        <table class="proplist">
            
            <tr>
                <th>title</th><td>/metadata endpoint should return FHIR CapabilityStatement</td>
            </tr>
            
            <tr>
                <th>line</th><td>12</td>
            </tr>
            
            <tr>
                <th>timestamp</th><td>2024-05-30T13:02:18.618Z</td>
            </tr>
            
            <tr>
                <th>file</th><td>assurance/1115-waiver/ahc-hrsn/screening/regression-test-prime/fhir-service-prime/src/2024-05-22/fhir-service.test.http</td>
            </tr>
            
        </table>
        
        <h3>Results</h3>
        <table class="proplist">
            <tr>
                <th>Duration</th><td>0.375 sec</td>
            </tr>
            <tr>
                <th>Tests</th><td>3</td>
            </tr>
            <tr>
                <th>Failures</th><td>1</td>
            </tr>
        </table>

        <div class="testclasses">
            <h3>Tests</h3>
            
            <div class="testclass">
                <h4>/metadata endpoint should return FHIR CapabilityStatement</h4>
                <div class="testcases">
                
                    <div class="test outcome outcome-passed">
                        <a id="56b1e398-0dbf-4d36-a5e2-6aacb4ea9657"></a>
                        <table class="proplist">
                            <tr><th>Test case:</th><td><b>status code 200</b></td></tr>
                            <tr><th>Outcome:</th><td>Passed</td></tr>
                            <tr><th>Duration:</th><td>0.125 sec</td></tr>
                        
                        
                        </table>

                        
                        

                        
                        
                        
                    </div>
                
                    <div class="test outcome outcome-failed">
                        <a id="3a732252-b815-4893-94c9-74a0cdeabb7d"></a>
                        <table class="proplist">
                            <tr><th>Test case:</th><td><b>Check content-type</b></td></tr>
                            <tr><th>Outcome:</th><td>Failed</td></tr>
                            <tr><th>Duration:</th><td>0.125 sec</td></tr>
                        
                            <tr><th>Failed</th><td>Check content-type</td></tr>
                        
                        
                        </table>

                        
                        <pre>{&#34;message&#34;:&#34;&#39;text/html;charset=UTF-8&#39; == &#39;text/plain;charset=UTF-8&#39;&#34;,&#34;name&#34;:&#34;AssertionError&#34;,&#34;stack&#34;:&#34;AssertionError [ERR_ASSERTION]: &#39;text/html;charset=UTF-8&#39; == &#39;text/plain;charset=UTF-8&#39;\n    at /home/runner/work/docs.techbd.org/docs.techbd.org/assurance/1115-waiver/ahc-hrsn/screening/regression-test-prime/fhir-service-prime/src/2024-05-22/fhir-service.test.http:22:5\n    at Object.o [as test] (/opt/hostedtoolcache/node/20.13.1/x64/lib/node_modules/httpyac/dist/index.js:2:40904)\n    at Object.userJS (/home/runner/work/docs.techbd.org/docs.techbd.org/assurance/1115-waiver/ahc-hrsn/screening/regression-test-prime/fhir-service-prime/src/2024-05-22/fhir-service.test.http:21:3)\n    at rr (/opt/hostedtoolcache/node/20.13.1/x64/lib/node_modules/httpyac/dist/index.js:119:2730)\n    at Pt (/opt/hostedtoolcache/node/20.13.1/x64/lib/node_modules/httpyac/dist/index.js:119:6140)\n    at Object.action (/opt/hostedtoolcache/node/20.13.1/x64/lib/node_modules/httpyac/dist/index.js:119:5411)\n    at n.trigger (/opt/hostedtoolcache/node/20.13.1/x64/lib/node_modules/httpyac/node_modules/hookpoint/dist/index.js:1:2889)\n    at process.processTicksAndRejections (node:internal/process/task_queues:95:5)\n    at async t.execute (/opt/hostedtoolcache/node/20.13.1/x64/lib/node_modules/httpyac/dist/index.js:2:52877)\n    at async mu (/opt/hostedtoolcache/node/20.13.1/x64/lib/node_modules/httpyac/dist/index.js:119:32215)&#34;}</pre>
                        
                        

                        
                        <table class="proplist">
                            
                            <tr>
                                <th>displayMessage</th><td>AssertionError [ERR_ASSERTION]: &#39;text/html;charset=UTF-8&#39; == &#39;text/plain;charset=UTF-8&#39; - /home/runner/work/docs.techbd.org/docs.techbd.org/assurance/1115-waiver/ahc-hrsn/screening/regression-test-prime/fhir-service-prime/src/2024-05-22/fhir-service.test.http:22:5</td>
                            </tr>
                            
                            <tr>
                                <th>file</th><td>/home/runner/work/docs.techbd.org/docs.techbd.org/assurance/1115-waiver/ahc-hrsn/screening/regression-test-prime/fhir-service-prime/src/2024-05-22/fhir-service.test.http</td>
                            </tr>
                            
                            <tr>
                                <th>line</th><td>22</td>
                            </tr>
                            
                            <tr>
                                <th>offset</th><td>5</td>
                            </tr>
                            
                            <tr>
                                <th>errorType</th><td>AssertionError [ERR_ASSERTION]</td>
                            </tr>
                            
                            <tr>
                                <th>message</th><td>&#39;text/html;charset=UTF-8&#39; == &#39;text/plain;charset=UTF-8&#39;</td>
                            </tr>
                            
                        </table>
                        
                        
                        
                    </div>
                
                    <div class="test outcome outcome-passed">
                        <a id="7b19c825-3230-4d34-8a9f-2ae40b0db4a3"></a>
                        <table class="proplist">
                            <tr><th>Test case:</th><td><b>response body exists</b></td></tr>
                            <tr><th>Outcome:</th><td>Passed</td></tr>
                            <tr><th>Duration:</th><td>0.125 sec</td></tr>
                        
                        
                        </table>

                        
                        

                        
                        
                        
                    </div>
                
                </div>
            </div>
            
        </div>
    </div>
    

    <div class="testsuite">
        <h2>Test Suite: /Bundle/$validate should validate fhir-fixture-shinny-impl-guide-sample.json</h2>
        <a id="45131ae4-ffd4-4027-8a56-5a915dc3f085"></a>
        
        <span>Package: assurance/1115-waiver/ahc-hrsn/screening/regression-test-prime/fhir-service-prime/src/2024-05-22/fhir-service.test.http</span>
        
        
        <h3>Suite Properties</h3>
        <table class="proplist">
            
            <tr>
                <th>title</th><td>/Bundle/$validate should validate fhir-fixture-shinny-impl-guide-sample.json</td>
            </tr>
            
            <tr>
                <th>line</th><td>27</td>
            </tr>
            
            <tr>
                <th>timestamp</th><td>2024-05-30T13:02:18.993Z</td>
            </tr>
            
            <tr>
                <th>file</th><td>assurance/1115-waiver/ahc-hrsn/screening/regression-test-prime/fhir-service-prime/src/2024-05-22/fhir-service.test.http</td>
            </tr>
            
        </table>
        
        <h3>Results</h3>
        <table class="proplist">
            <tr>
                <th>Duration</th><td>0.062 sec</td>
            </tr>
            <tr>
                <th>Tests</th><td>4</td>
            </tr>
            <tr>
                <th>Failures</th><td>2</td>
            </tr>
        </table>

        <div class="testclasses">
            <h3>Tests</h3>
            
            <div class="testclass">
                <h4>/Bundle/$validate should validate fhir-fixture-shinny-impl-guide-sample.json</h4>
                <div class="testcases">
                
                    <div class="test outcome outcome-failed">
                        <a id="b30cd8db-d171-4ab6-bd0a-989475876725"></a>
                        <table class="proplist">
                            <tr><th>Test case:</th><td><b>status code 200</b></td></tr>
                            <tr><th>Outcome:</th><td>Failed</td></tr>
                            <tr><th>Duration:</th><td>0.016 sec</td></tr>
                        
                            <tr><th>Failed</th><td>status code 200</td></tr>
                        
                        
                        </table>

                        
                        <pre>{&#34;message&#34;:&#34;400 == 200&#34;,&#34;name&#34;:&#34;AssertionError&#34;,&#34;stack&#34;:&#34;AssertionError [ERR_ASSERTION]: 400 == 200\n    at /home/runner/work/docs.techbd.org/docs.techbd.org/assurance/1115-waiver/ahc-hrsn/screening/regression-test-prime/fhir-service-prime/src/2024-05-22/fhir-service.test.http:36:5\n    at Object.o [as test] (/opt/hostedtoolcache/node/20.13.1/x64/lib/node_modules/httpyac/dist/index.js:2:40904)\n    at Object.userJS (/home/runner/work/docs.techbd.org/docs.techbd.org/assurance/1115-waiver/ahc-hrsn/screening/regression-test-prime/fhir-service-prime/src/2024-05-22/fhir-service.test.http:35:3)\n    at rr (/opt/hostedtoolcache/node/20.13.1/x64/lib/node_modules/httpyac/dist/index.js:119:2730)\n    at Pt (/opt/hostedtoolcache/node/20.13.1/x64/lib/node_modules/httpyac/dist/index.js:119:6140)\n    at Object.action (/opt/hostedtoolcache/node/20.13.1/x64/lib/node_modules/httpyac/dist/index.js:119:5411)\n    at n.trigger (/opt/hostedtoolcache/node/20.13.1/x64/lib/node_modules/httpyac/node_modules/hookpoint/dist/index.js:1:2889)\n    at process.processTicksAndRejections (node:internal/process/task_queues:95:5)\n    at async t.execute (/opt/hostedtoolcache/node/20.13.1/x64/lib/node_modules/httpyac/dist/index.js:2:52877)\n    at async mu (/opt/hostedtoolcache/node/20.13.1/x64/lib/node_modules/httpyac/dist/index.js:119:32215)&#34;}</pre>
                        
                        

                        
                        <table class="proplist">
                            
                            <tr>
                                <th>displayMessage</th><td>AssertionError [ERR_ASSERTION]: 400 == 200 - /home/runner/work/docs.techbd.org/docs.techbd.org/assurance/1115-waiver/ahc-hrsn/screening/regression-test-prime/fhir-service-prime/src/2024-05-22/fhir-service.test.http:36:5</td>
                            </tr>
                            
                            <tr>
                                <th>file</th><td>/home/runner/work/docs.techbd.org/docs.techbd.org/assurance/1115-waiver/ahc-hrsn/screening/regression-test-prime/fhir-service-prime/src/2024-05-22/fhir-service.test.http</td>
                            </tr>
                            
                            <tr>
                                <th>line</th><td>36</td>
                            </tr>
                            
                            <tr>
                                <th>offset</th><td>5</td>
                            </tr>
                            
                            <tr>
                                <th>errorType</th><td>AssertionError [ERR_ASSERTION]</td>
                            </tr>
                            
                            <tr>
                                <th>message</th><td>400 == 200</td>
                            </tr>
                            
                        </table>
                        
                        
                        
                    </div>
                
                    <div class="test outcome outcome-passed">
                        <a id="d2e06137-e97f-4287-a09f-de31c87471a1"></a>
                        <table class="proplist">
                            <tr><th>Test case:</th><td><b>Check content-type</b></td></tr>
                            <tr><th>Outcome:</th><td>Passed</td></tr>
                            <tr><th>Duration:</th><td>0.016 sec</td></tr>
                        
                        
                        </table>

                        
                        

                        
                        
                        
                    </div>
                
                    <div class="test outcome outcome-passed">
                        <a id="7c63c78e-3110-490b-a736-3a2c590e8284"></a>
                        <table class="proplist">
                            <tr><th>Test case:</th><td><b>response body exists</b></td></tr>
                            <tr><th>Outcome:</th><td>Passed</td></tr>
                            <tr><th>Duration:</th><td>0.016 sec</td></tr>
                        
                        
                        </table>

                        
                        

                        
                        
                        
                    </div>
                
                    <div class="test outcome outcome-failed">
                        <a id="16b7b305-0b88-48aa-8df2-dc23dc7dbfd5"></a>
                        <table class="proplist">
                            <tr><th>Test case:</th><td><b>Check Resource Type</b></td></tr>
                            <tr><th>Outcome:</th><td>Failed</td></tr>
                            <tr><th>Duration:</th><td>0.016 sec</td></tr>
                        
                            <tr><th>Failed</th><td>Check Resource Type</td></tr>
                        
                        
                        </table>

                        
                        <pre>{&#34;message&#34;:&#34;Cannot read properties of undefined (reading &#39;version&#39;)&#34;,&#34;name&#34;:&#34;TypeError&#34;,&#34;stack&#34;:&#34;TypeError: Cannot read properties of undefined (reading &#39;version&#39;)\n    at /home/runner/work/docs.techbd.org/docs.techbd.org/assurance/1115-waiver/ahc-hrsn/screening/regression-test-prime/fhir-service-prime/src/2024-05-22/fhir-service.test.http:43:52\n    at Object.o [as test] (/opt/hostedtoolcache/node/20.13.1/x64/lib/node_modules/httpyac/dist/index.js:2:40904)\n    at Object.userJS (/home/runner/work/docs.techbd.org/docs.techbd.org/assurance/1115-waiver/ahc-hrsn/screening/regression-test-prime/fhir-service-prime/src/2024-05-22/fhir-service.test.http:42:3)\n    at rr (/opt/hostedtoolcache/node/20.13.1/x64/lib/node_modules/httpyac/dist/index.js:119:2730)\n    at Pt (/opt/hostedtoolcache/node/20.13.1/x64/lib/node_modules/httpyac/dist/index.js:119:6140)\n    at Object.action (/opt/hostedtoolcache/node/20.13.1/x64/lib/node_modules/httpyac/dist/index.js:119:5411)\n    at n.trigger (/opt/hostedtoolcache/node/20.13.1/x64/lib/node_modules/httpyac/node_modules/hookpoint/dist/index.js:1:2889)\n    at process.processTicksAndRejections (node:internal/process/task_queues:95:5)\n    at async t.execute (/opt/hostedtoolcache/node/20.13.1/x64/lib/node_modules/httpyac/dist/index.js:2:52877)\n    at async mu (/opt/hostedtoolcache/node/20.13.1/x64/lib/node_modules/httpyac/dist/index.js:119:32215)&#34;}</pre>
                        
                        

                        
                        <table class="proplist">
                            
                            <tr>
                                <th>displayMessage</th><td>TypeError: Cannot read properties of undefined (reading &#39;version&#39;) - /home/runner/work/docs.techbd.org/docs.techbd.org/assurance/1115-waiver/ahc-hrsn/screening/regression-test-prime/fhir-service-prime/src/2024-05-22/fhir-service.test.http:43:52</td>
                            </tr>
                            
                            <tr>
                                <th>file</th><td>/home/runner/work/docs.techbd.org/docs.techbd.org/assurance/1115-waiver/ahc-hrsn/screening/regression-test-prime/fhir-service-prime/src/2024-05-22/fhir-service.test.http</td>
                            </tr>
                            
                            <tr>
                                <th>line</th><td>43</td>
                            </tr>
                            
                            <tr>
                                <th>offset</th><td>52</td>
                            </tr>
                            
                            <tr>
                                <th>errorType</th><td>TypeError</td>
                            </tr>
                            
                            <tr>
                                <th>message</th><td>Cannot read properties of undefined (reading &#39;version&#39;)</td>
                            </tr>
                            
                        </table>
                        
                        
                        
                    </div>
                
                </div>
            </div>
            
        </div>
    </div>
    

    <div class="testsuite">
        <h2>Test Suite: /Bundle/$validate should validate fhir-fixture-unhappy-path-01.json</h2>
        <a id="e76661e2-e022-4415-9de8-9831b8556a80"></a>
        
        <span>Package: assurance/1115-waiver/ahc-hrsn/screening/regression-test-prime/fhir-service-prime/src/2024-05-22/fhir-service.test.http</span>
        
        
        <h3>Suite Properties</h3>
        <table class="proplist">
            
            <tr>
                <th>title</th><td>/Bundle/$validate should validate fhir-fixture-unhappy-path-01.json</td>
            </tr>
            
            <tr>
                <th>line</th><td>49</td>
            </tr>
            
            <tr>
                <th>timestamp</th><td>2024-05-30T13:02:19.055Z</td>
            </tr>
            
            <tr>
                <th>file</th><td>assurance/1115-waiver/ahc-hrsn/screening/regression-test-prime/fhir-service-prime/src/2024-05-22/fhir-service.test.http</td>
            </tr>
            
        </table>
        
        <h3>Results</h3>
        <table class="proplist">
            <tr>
                <th>Duration</th><td>0.036 sec</td>
            </tr>
            <tr>
                <th>Tests</th><td>4</td>
            </tr>
            <tr>
                <th>Failures</th><td>2</td>
            </tr>
        </table>

        <div class="testclasses">
            <h3>Tests</h3>
            
            <div class="testclass">
                <h4>/Bundle/$validate should validate fhir-fixture-unhappy-path-01.json</h4>
                <div class="testcases">
                
                    <div class="test outcome outcome-failed">
                        <a id="ea3449da-4030-4a12-9145-5ca350dc3dd9"></a>
                        <table class="proplist">
                            <tr><th>Test case:</th><td><b>status code 200</b></td></tr>
                            <tr><th>Outcome:</th><td>Failed</td></tr>
                            <tr><th>Duration:</th><td>0.009 sec</td></tr>
                        
                            <tr><th>Failed</th><td>status code 200</td></tr>
                        
                        
                        </table>

                        
                        <pre>{&#34;message&#34;:&#34;400 == 200&#34;,&#34;name&#34;:&#34;AssertionError&#34;,&#34;stack&#34;:&#34;AssertionError [ERR_ASSERTION]: 400 == 200\n    at /home/runner/work/docs.techbd.org/docs.techbd.org/assurance/1115-waiver/ahc-hrsn/screening/regression-test-prime/fhir-service-prime/src/2024-05-22/fhir-service.test.http:58:5\n    at Object.o [as test] (/opt/hostedtoolcache/node/20.13.1/x64/lib/node_modules/httpyac/dist/index.js:2:40904)\n    at Object.userJS (/home/runner/work/docs.techbd.org/docs.techbd.org/assurance/1115-waiver/ahc-hrsn/screening/regression-test-prime/fhir-service-prime/src/2024-05-22/fhir-service.test.http:57:3)\n    at rr (/opt/hostedtoolcache/node/20.13.1/x64/lib/node_modules/httpyac/dist/index.js:119:2730)\n    at Pt (/opt/hostedtoolcache/node/20.13.1/x64/lib/node_modules/httpyac/dist/index.js:119:6140)\n    at Object.action (/opt/hostedtoolcache/node/20.13.1/x64/lib/node_modules/httpyac/dist/index.js:119:5411)\n    at n.trigger (/opt/hostedtoolcache/node/20.13.1/x64/lib/node_modules/httpyac/node_modules/hookpoint/dist/index.js:1:2889)\n    at process.processTicksAndRejections (node:internal/process/task_queues:95:5)\n    at async t.execute (/opt/hostedtoolcache/node/20.13.1/x64/lib/node_modules/httpyac/dist/index.js:2:52877)\n    at async mu (/opt/hostedtoolcache/node/20.13.1/x64/lib/node_modules/httpyac/dist/index.js:119:32215)&#34;}</pre>
                        
                        

                        
                        <table class="proplist">
                            
                            <tr>
                                <th>displayMessage</th><td>AssertionError [ERR_ASSERTION]: 400 == 200 - /home/runner/work/docs.techbd.org/docs.techbd.org/assurance/1115-waiver/ahc-hrsn/screening/regression-test-prime/fhir-service-prime/src/2024-05-22/fhir-service.test.http:58:5</td>
                            </tr>
                            
                            <tr>
                                <th>file</th><td>/home/runner/work/docs.techbd.org/docs.techbd.org/assurance/1115-waiver/ahc-hrsn/screening/regression-test-prime/fhir-service-prime/src/2024-05-22/fhir-service.test.http</td>
                            </tr>
                            
                            <tr>
                                <th>line</th><td>58</td>
                            </tr>
                            
                            <tr>
                                <th>offset</th><td>5</td>
                            </tr>
                            
                            <tr>
                                <th>errorType</th><td>AssertionError [ERR_ASSERTION]</td>
                            </tr>
                            
                            <tr>
                                <th>message</th><td>400 == 200</td>
                            </tr>
                            
                        </table>
                        
                        
                        
                    </div>
                
                    <div class="test outcome outcome-passed">
                        <a id="bb641233-863a-4ba1-915a-d4853a02e9a5"></a>
                        <table class="proplist">
                            <tr><th>Test case:</th><td><b>Check content-type</b></td></tr>
                            <tr><th>Outcome:</th><td>Passed</td></tr>
                            <tr><th>Duration:</th><td>0.009 sec</td></tr>
                        
                        
                        </table>

                        
                        

                        
                        
                        
                    </div>
                
                    <div class="test outcome outcome-passed">
                        <a id="4d7154b5-0ba5-405e-904f-a781c25458ef"></a>
                        <table class="proplist">
                            <tr><th>Test case:</th><td><b>response body exists</b></td></tr>
                            <tr><th>Outcome:</th><td>Passed</td></tr>
                            <tr><th>Duration:</th><td>0.009 sec</td></tr>
                        
                        
                        </table>

                        
                        

                        
                        
                        
                    </div>
                
                    <div class="test outcome outcome-failed">
                        <a id="51788196-d339-44c3-88a5-16d952f20d15"></a>
                        <table class="proplist">
                            <tr><th>Test case:</th><td><b>check Result</b></td></tr>
                            <tr><th>Outcome:</th><td>Failed</td></tr>
                            <tr><th>Duration:</th><td>0.009 sec</td></tr>
                        
                            <tr><th>Failed</th><td>check Result</td></tr>
                        
                        
                        </table>

                        
                        <pre>{&#34;message&#34;:&#34;Cannot read properties of undefined (reading &#39;entries&#39;)&#34;,&#34;name&#34;:&#34;TypeError&#34;,&#34;stack&#34;:&#34;TypeError: Cannot read properties of undefined (reading &#39;entries&#39;)\n    at /home/runner/work/docs.techbd.org/docs.techbd.org/assurance/1115-waiver/ahc-hrsn/screening/regression-test-prime/fhir-service-prime/src/2024-05-22/fhir-service.test.http:65:50\n    at Object.o [as test] (/opt/hostedtoolcache/node/20.13.1/x64/lib/node_modules/httpyac/dist/index.js:2:40904)\n    at Object.userJS (/home/runner/work/docs.techbd.org/docs.techbd.org/assurance/1115-waiver/ahc-hrsn/screening/regression-test-prime/fhir-service-prime/src/2024-05-22/fhir-service.test.http:64:3)\n    at rr (/opt/hostedtoolcache/node/20.13.1/x64/lib/node_modules/httpyac/dist/index.js:119:2730)\n    at Pt (/opt/hostedtoolcache/node/20.13.1/x64/lib/node_modules/httpyac/dist/index.js:119:6140)\n    at Object.action (/opt/hostedtoolcache/node/20.13.1/x64/lib/node_modules/httpyac/dist/index.js:119:5411)\n    at n.trigger (/opt/hostedtoolcache/node/20.13.1/x64/lib/node_modules/httpyac/node_modules/hookpoint/dist/index.js:1:2889)\n    at process.processTicksAndRejections (node:internal/process/task_queues:95:5)\n    at async t.execute (/opt/hostedtoolcache/node/20.13.1/x64/lib/node_modules/httpyac/dist/index.js:2:52877)\n    at async mu (/opt/hostedtoolcache/node/20.13.1/x64/lib/node_modules/httpyac/dist/index.js:119:32215)&#34;}</pre>
                        
                        

                        
                        <table class="proplist">
                            
                            <tr>
                                <th>displayMessage</th><td>TypeError: Cannot read properties of undefined (reading &#39;entries&#39;) - /home/runner/work/docs.techbd.org/docs.techbd.org/assurance/1115-waiver/ahc-hrsn/screening/regression-test-prime/fhir-service-prime/src/2024-05-22/fhir-service.test.http:65:50</td>
                            </tr>
                            
                            <tr>
                                <th>file</th><td>/home/runner/work/docs.techbd.org/docs.techbd.org/assurance/1115-waiver/ahc-hrsn/screening/regression-test-prime/fhir-service-prime/src/2024-05-22/fhir-service.test.http</td>
                            </tr>
                            
                            <tr>
                                <th>line</th><td>65</td>
                            </tr>
                            
                            <tr>
                                <th>offset</th><td>50</td>
                            </tr>
                            
                            <tr>
                                <th>errorType</th><td>TypeError</td>
                            </tr>
                            
                            <tr>
                                <th>message</th><td>Cannot read properties of undefined (reading &#39;entries&#39;)</td>
                            </tr>
                            
                        </table>
                        
                        
                        
                    </div>
                
                </div>
            </div>
            
        </div>
    </div>
    

    <div class="testsuite">
        <h2>Test Suite: /Bundle/$validate should validate fhir-fixture-shinny-bronx-unhappy-path.json</h2>
        <a id="b5e25def-8aed-48be-999a-1668f45413de"></a>
        
        <span>Package: assurance/1115-waiver/ahc-hrsn/screening/regression-test-prime/fhir-service-prime/src/2024-05-22/fhir-service.test.http</span>
        
        
        <h3>Suite Properties</h3>
        <table class="proplist">
            
            <tr>
                <th>title</th><td>/Bundle/$validate should validate fhir-fixture-shinny-bronx-unhappy-path.json</td>
            </tr>
            
            <tr>
                <th>line</th><td>73</td>
            </tr>
            
            <tr>
                <th>timestamp</th><td>2024-05-30T13:02:19.092Z</td>
            </tr>
            
            <tr>
                <th>file</th><td>assurance/1115-waiver/ahc-hrsn/screening/regression-test-prime/fhir-service-prime/src/2024-05-22/fhir-service.test.http</td>
            </tr>
            
        </table>
        
        <h3>Results</h3>
        <table class="proplist">
            <tr>
                <th>Duration</th><td>0.056 sec</td>
            </tr>
            <tr>
                <th>Tests</th><td>5</td>
            </tr>
            <tr>
                <th>Failures</th><td>3</td>
            </tr>
        </table>

        <div class="testclasses">
            <h3>Tests</h3>
            
            <div class="testclass">
                <h4>/Bundle/$validate should validate fhir-fixture-shinny-bronx-unhappy-path.json</h4>
                <div class="testcases">
                
                    <div class="test outcome outcome-failed">
                        <a id="4d5f717f-0382-44d3-8b14-aff556bf0d76"></a>
                        <table class="proplist">
                            <tr><th>Test case:</th><td><b>status code 200</b></td></tr>
                            <tr><th>Outcome:</th><td>Failed</td></tr>
                            <tr><th>Duration:</th><td>0.011 sec</td></tr>
                        
                            <tr><th>Failed</th><td>status code 200</td></tr>
                        
                        
                        </table>

                        
                        <pre>{&#34;message&#34;:&#34;400 == 200&#34;,&#34;name&#34;:&#34;AssertionError&#34;,&#34;stack&#34;:&#34;AssertionError [ERR_ASSERTION]: 400 == 200\n    at /home/runner/work/docs.techbd.org/docs.techbd.org/assurance/1115-waiver/ahc-hrsn/screening/regression-test-prime/fhir-service-prime/src/2024-05-22/fhir-service.test.http:82:5\n    at Object.o [as test] (/opt/hostedtoolcache/node/20.13.1/x64/lib/node_modules/httpyac/dist/index.js:2:40904)\n    at Object.userJS (/home/runner/work/docs.techbd.org/docs.techbd.org/assurance/1115-waiver/ahc-hrsn/screening/regression-test-prime/fhir-service-prime/src/2024-05-22/fhir-service.test.http:81:3)\n    at rr (/opt/hostedtoolcache/node/20.13.1/x64/lib/node_modules/httpyac/dist/index.js:119:2730)\n    at Pt (/opt/hostedtoolcache/node/20.13.1/x64/lib/node_modules/httpyac/dist/index.js:119:6140)\n    at Object.action (/opt/hostedtoolcache/node/20.13.1/x64/lib/node_modules/httpyac/dist/index.js:119:5411)\n    at n.trigger (/opt/hostedtoolcache/node/20.13.1/x64/lib/node_modules/httpyac/node_modules/hookpoint/dist/index.js:1:2889)\n    at process.processTicksAndRejections (node:internal/process/task_queues:95:5)\n    at async t.execute (/opt/hostedtoolcache/node/20.13.1/x64/lib/node_modules/httpyac/dist/index.js:2:52877)\n    at async mu (/opt/hostedtoolcache/node/20.13.1/x64/lib/node_modules/httpyac/dist/index.js:119:32215)&#34;}</pre>
                        
                        

                        
                        <table class="proplist">
                            
                            <tr>
                                <th>displayMessage</th><td>AssertionError [ERR_ASSERTION]: 400 == 200 - /home/runner/work/docs.techbd.org/docs.techbd.org/assurance/1115-waiver/ahc-hrsn/screening/regression-test-prime/fhir-service-prime/src/2024-05-22/fhir-service.test.http:82:5</td>
                            </tr>
                            
                            <tr>
                                <th>file</th><td>/home/runner/work/docs.techbd.org/docs.techbd.org/assurance/1115-waiver/ahc-hrsn/screening/regression-test-prime/fhir-service-prime/src/2024-05-22/fhir-service.test.http</td>
                            </tr>
                            
                            <tr>
                                <th>line</th><td>82</td>
                            </tr>
                            
                            <tr>
                                <th>offset</th><td>5</td>
                            </tr>
                            
                            <tr>
                                <th>errorType</th><td>AssertionError [ERR_ASSERTION]</td>
                            </tr>
                            
                            <tr>
                                <th>message</th><td>400 == 200</td>
                            </tr>
                            
                        </table>
                        
                        
                        
                    </div>
                
                    <div class="test outcome outcome-passed">
                        <a id="2f0d4b79-28a1-49f7-92bb-5c7f0d8ea65f"></a>
                        <table class="proplist">
                            <tr><th>Test case:</th><td><b>Check content-type</b></td></tr>
                            <tr><th>Outcome:</th><td>Passed</td></tr>
                            <tr><th>Duration:</th><td>0.011 sec</td></tr>
                        
                        
                        </table>

                        
                        

                        
                        
                        
                    </div>
                
                    <div class="test outcome outcome-passed">
                        <a id="e83dfdfd-4fa5-4928-8525-d107683caa07"></a>
                        <table class="proplist">
                            <tr><th>Test case:</th><td><b>response body exists</b></td></tr>
                            <tr><th>Outcome:</th><td>Passed</td></tr>
                            <tr><th>Duration:</th><td>0.011 sec</td></tr>
                        
                        
                        </table>

                        
                        

                        
                        
                        
                    </div>
                
                    <div class="test outcome outcome-failed">
                        <a id="a66b0097-c9c6-4e99-86fd-6c6887bf1a08"></a>
                        <table class="proplist">
                            <tr><th>Test case:</th><td><b>check Result</b></td></tr>
                            <tr><th>Outcome:</th><td>Failed</td></tr>
                            <tr><th>Duration:</th><td>0.011 sec</td></tr>
                        
                            <tr><th>Failed</th><td>check Result</td></tr>
                        
                        
                        </table>

                        
                        <pre>{&#34;message&#34;:&#34;Cannot read properties of undefined (reading &#39;entries&#39;)&#34;,&#34;name&#34;:&#34;TypeError&#34;,&#34;stack&#34;:&#34;TypeError: Cannot read properties of undefined (reading &#39;entries&#39;)\n    at /home/runner/work/docs.techbd.org/docs.techbd.org/assurance/1115-waiver/ahc-hrsn/screening/regression-test-prime/fhir-service-prime/src/2024-05-22/fhir-service.test.http:89:50\n    at Object.o [as test] (/opt/hostedtoolcache/node/20.13.1/x64/lib/node_modules/httpyac/dist/index.js:2:40904)\n    at Object.userJS (/home/runner/work/docs.techbd.org/docs.techbd.org/assurance/1115-waiver/ahc-hrsn/screening/regression-test-prime/fhir-service-prime/src/2024-05-22/fhir-service.test.http:88:3)\n    at rr (/opt/hostedtoolcache/node/20.13.1/x64/lib/node_modules/httpyac/dist/index.js:119:2730)\n    at Pt (/opt/hostedtoolcache/node/20.13.1/x64/lib/node_modules/httpyac/dist/index.js:119:6140)\n    at Object.action (/opt/hostedtoolcache/node/20.13.1/x64/lib/node_modules/httpyac/dist/index.js:119:5411)\n    at n.trigger (/opt/hostedtoolcache/node/20.13.1/x64/lib/node_modules/httpyac/node_modules/hookpoint/dist/index.js:1:2889)\n    at process.processTicksAndRejections (node:internal/process/task_queues:95:5)\n    at async t.execute (/opt/hostedtoolcache/node/20.13.1/x64/lib/node_modules/httpyac/dist/index.js:2:52877)\n    at async mu (/opt/hostedtoolcache/node/20.13.1/x64/lib/node_modules/httpyac/dist/index.js:119:32215)&#34;}</pre>
                        
                        

                        
                        <table class="proplist">
                            
                            <tr>
                                <th>displayMessage</th><td>TypeError: Cannot read properties of undefined (reading &#39;entries&#39;) - /home/runner/work/docs.techbd.org/docs.techbd.org/assurance/1115-waiver/ahc-hrsn/screening/regression-test-prime/fhir-service-prime/src/2024-05-22/fhir-service.test.http:89:50</td>
                            </tr>
                            
                            <tr>
                                <th>file</th><td>/home/runner/work/docs.techbd.org/docs.techbd.org/assurance/1115-waiver/ahc-hrsn/screening/regression-test-prime/fhir-service-prime/src/2024-05-22/fhir-service.test.http</td>
                            </tr>
                            
                            <tr>
                                <th>line</th><td>89</td>
                            </tr>
                            
                            <tr>
                                <th>offset</th><td>50</td>
                            </tr>
                            
                            <tr>
                                <th>errorType</th><td>TypeError</td>
                            </tr>
                            
                            <tr>
                                <th>message</th><td>Cannot read properties of undefined (reading &#39;entries&#39;)</td>
                            </tr>
                            
                        </table>
                        
                        
                        
                    </div>
                
                    <div class="test outcome outcome-failed">
                        <a id="fda68e44-ee5c-4dec-91ff-1df6426c12da"></a>
                        <table class="proplist">
                            <tr><th>Test case:</th><td><b>check Diagnostics</b></td></tr>
                            <tr><th>Outcome:</th><td>Failed</td></tr>
                            <tr><th>Duration:</th><td>0.011 sec</td></tr>
                        
                            <tr><th>Failed</th><td>check Diagnostics</td></tr>
                        
                        
                        </table>

                        
                        <pre>{&#34;message&#34;:&#34;Cannot read properties of undefined (reading &#39;entries&#39;)&#34;,&#34;name&#34;:&#34;TypeError&#34;,&#34;stack&#34;:&#34;TypeError: Cannot read properties of undefined (reading &#39;entries&#39;)\n    at /home/runner/work/docs.techbd.org/docs.techbd.org/assurance/1115-waiver/ahc-hrsn/screening/regression-test-prime/fhir-service-prime/src/2024-05-22/fhir-service.test.http:92:50\n    at Object.o [as test] (/opt/hostedtoolcache/node/20.13.1/x64/lib/node_modules/httpyac/dist/index.js:2:40904)\n    at Object.userJS (/home/runner/work/docs.techbd.org/docs.techbd.org/assurance/1115-waiver/ahc-hrsn/screening/regression-test-prime/fhir-service-prime/src/2024-05-22/fhir-service.test.http:91:3)\n    at rr (/opt/hostedtoolcache/node/20.13.1/x64/lib/node_modules/httpyac/dist/index.js:119:2730)\n    at Pt (/opt/hostedtoolcache/node/20.13.1/x64/lib/node_modules/httpyac/dist/index.js:119:6140)\n    at Object.action (/opt/hostedtoolcache/node/20.13.1/x64/lib/node_modules/httpyac/dist/index.js:119:5411)\n    at n.trigger (/opt/hostedtoolcache/node/20.13.1/x64/lib/node_modules/httpyac/node_modules/hookpoint/dist/index.js:1:2889)\n    at process.processTicksAndRejections (node:internal/process/task_queues:95:5)\n    at async t.execute (/opt/hostedtoolcache/node/20.13.1/x64/lib/node_modules/httpyac/dist/index.js:2:52877)\n    at async mu (/opt/hostedtoolcache/node/20.13.1/x64/lib/node_modules/httpyac/dist/index.js:119:32215)&#34;}</pre>
                        
                        

                        
                        <table class="proplist">
                            
                            <tr>
                                <th>displayMessage</th><td>TypeError: Cannot read properties of undefined (reading &#39;entries&#39;) - /home/runner/work/docs.techbd.org/docs.techbd.org/assurance/1115-waiver/ahc-hrsn/screening/regression-test-prime/fhir-service-prime/src/2024-05-22/fhir-service.test.http:92:50</td>
                            </tr>
                            
                            <tr>
                                <th>file</th><td>/home/runner/work/docs.techbd.org/docs.techbd.org/assurance/1115-waiver/ahc-hrsn/screening/regression-test-prime/fhir-service-prime/src/2024-05-22/fhir-service.test.http</td>
                            </tr>
                            
                            <tr>
                                <th>line</th><td>92</td>
                            </tr>
                            
                            <tr>
                                <th>offset</th><td>50</td>
                            </tr>
                            
                            <tr>
                                <th>errorType</th><td>TypeError</td>
                            </tr>
                            
                            <tr>
                                <th>message</th><td>Cannot read properties of undefined (reading &#39;entries&#39;)</td>
                            </tr>
                            
                        </table>
                        
                        
                        
                    </div>
                
                </div>
            </div>
            
        </div>
    </div>
    

    <div class="testsuite">
        <h2>Test Suite: /Bundle/$validate should validate fhir-fixture-shinny-healtheconnections-unhappy-path.json</h2>
        <a id="63ea1e54-5b65-4f00-9f43-56cd5efe087a"></a>
        
        <span>Package: assurance/1115-waiver/ahc-hrsn/screening/regression-test-prime/fhir-service-prime/src/2024-05-22/fhir-service.test.http</span>
        
        
        <h3>Suite Properties</h3>
        <table class="proplist">
            
            <tr>
                <th>title</th><td>/Bundle/$validate should validate fhir-fixture-shinny-healtheconnections-unhappy-path.json</td>
            </tr>
            
            <tr>
                <th>line</th><td>99</td>
            </tr>
            
            <tr>
                <th>timestamp</th><td>2024-05-30T13:02:19.148Z</td>
            </tr>
            
            <tr>
                <th>file</th><td>assurance/1115-waiver/ahc-hrsn/screening/regression-test-prime/fhir-service-prime/src/2024-05-22/fhir-service.test.http</td>
            </tr>
            
        </table>
        
        <h3>Results</h3>
        <table class="proplist">
            <tr>
                <th>Duration</th><td>0.034 sec</td>
            </tr>
            <tr>
                <th>Tests</th><td>5</td>
            </tr>
            <tr>
                <th>Failures</th><td>3</td>
            </tr>
        </table>

        <div class="testclasses">
            <h3>Tests</h3>
            
            <div class="testclass">
                <h4>/Bundle/$validate should validate fhir-fixture-shinny-healtheconnections-unhappy-path.json</h4>
                <div class="testcases">
                
                    <div class="test outcome outcome-failed">
                        <a id="8a6c9161-bcaf-4d5d-b0e6-d3663e64f5bb"></a>
                        <table class="proplist">
                            <tr><th>Test case:</th><td><b>status code 200</b></td></tr>
                            <tr><th>Outcome:</th><td>Failed</td></tr>
                            <tr><th>Duration:</th><td>0.007 sec</td></tr>
                        
                            <tr><th>Failed</th><td>status code 200</td></tr>
                        
                        
                        </table>

                        
                        <pre>{&#34;message&#34;:&#34;400 == 200&#34;,&#34;name&#34;:&#34;AssertionError&#34;,&#34;stack&#34;:&#34;AssertionError [ERR_ASSERTION]: 400 == 200\n    at /home/runner/work/docs.techbd.org/docs.techbd.org/assurance/1115-waiver/ahc-hrsn/screening/regression-test-prime/fhir-service-prime/src/2024-05-22/fhir-service.test.http:108:5\n    at Object.o [as test] (/opt/hostedtoolcache/node/20.13.1/x64/lib/node_modules/httpyac/dist/index.js:2:40904)\n    at Object.userJS (/home/runner/work/docs.techbd.org/docs.techbd.org/assurance/1115-waiver/ahc-hrsn/screening/regression-test-prime/fhir-service-prime/src/2024-05-22/fhir-service.test.http:107:3)\n    at rr (/opt/hostedtoolcache/node/20.13.1/x64/lib/node_modules/httpyac/dist/index.js:119:2730)\n    at Pt (/opt/hostedtoolcache/node/20.13.1/x64/lib/node_modules/httpyac/dist/index.js:119:6140)\n    at Object.action (/opt/hostedtoolcache/node/20.13.1/x64/lib/node_modules/httpyac/dist/index.js:119:5411)\n    at n.trigger (/opt/hostedtoolcache/node/20.13.1/x64/lib/node_modules/httpyac/node_modules/hookpoint/dist/index.js:1:2889)\n    at process.processTicksAndRejections (node:internal/process/task_queues:95:5)\n    at async t.execute (/opt/hostedtoolcache/node/20.13.1/x64/lib/node_modules/httpyac/dist/index.js:2:52877)\n    at async mu (/opt/hostedtoolcache/node/20.13.1/x64/lib/node_modules/httpyac/dist/index.js:119:32215)&#34;}</pre>
                        
                        

                        
                        <table class="proplist">
                            
                            <tr>
                                <th>displayMessage</th><td>AssertionError [ERR_ASSERTION]: 400 == 200 - /home/runner/work/docs.techbd.org/docs.techbd.org/assurance/1115-waiver/ahc-hrsn/screening/regression-test-prime/fhir-service-prime/src/2024-05-22/fhir-service.test.http:108:5</td>
                            </tr>
                            
                            <tr>
                                <th>file</th><td>/home/runner/work/docs.techbd.org/docs.techbd.org/assurance/1115-waiver/ahc-hrsn/screening/regression-test-prime/fhir-service-prime/src/2024-05-22/fhir-service.test.http</td>
                            </tr>
                            
                            <tr>
                                <th>line</th><td>108</td>
                            </tr>
                            
                            <tr>
                                <th>offset</th><td>5</td>
                            </tr>
                            
                            <tr>
                                <th>errorType</th><td>AssertionError [ERR_ASSERTION]</td>
                            </tr>
                            
                            <tr>
                                <th>message</th><td>400 == 200</td>
                            </tr>
                            
                        </table>
                        
                        
                        
                    </div>
                
                    <div class="test outcome outcome-passed">
                        <a id="c617d6aa-887a-4358-9544-d8847f66a06f"></a>
                        <table class="proplist">
                            <tr><th>Test case:</th><td><b>Check content-type</b></td></tr>
                            <tr><th>Outcome:</th><td>Passed</td></tr>
                            <tr><th>Duration:</th><td>0.007 sec</td></tr>
                        
                        
                        </table>

                        
                        

                        
                        
                        
                    </div>
                
                    <div class="test outcome outcome-passed">
                        <a id="deb4dc64-b3b6-45f4-a5ed-e9d42079d555"></a>
                        <table class="proplist">
                            <tr><th>Test case:</th><td><b>response body exists</b></td></tr>
                            <tr><th>Outcome:</th><td>Passed</td></tr>
                            <tr><th>Duration:</th><td>0.007 sec</td></tr>
                        
                        
                        </table>

                        
                        

                        
                        
                        
                    </div>
                
                    <div class="test outcome outcome-failed">
                        <a id="4dfa025f-a01d-4001-9d0d-e355fd1332c6"></a>
                        <table class="proplist">
                            <tr><th>Test case:</th><td><b>check Result</b></td></tr>
                            <tr><th>Outcome:</th><td>Failed</td></tr>
                            <tr><th>Duration:</th><td>0.007 sec</td></tr>
                        
                            <tr><th>Failed</th><td>check Result</td></tr>
                        
                        
                        </table>

                        
                        <pre>{&#34;message&#34;:&#34;Cannot read properties of undefined (reading &#39;entries&#39;)&#34;,&#34;name&#34;:&#34;TypeError&#34;,&#34;stack&#34;:&#34;TypeError: Cannot read properties of undefined (reading &#39;entries&#39;)\n    at /home/runner/work/docs.techbd.org/docs.techbd.org/assurance/1115-waiver/ahc-hrsn/screening/regression-test-prime/fhir-service-prime/src/2024-05-22/fhir-service.test.http:115:50\n    at Object.o [as test] (/opt/hostedtoolcache/node/20.13.1/x64/lib/node_modules/httpyac/dist/index.js:2:40904)\n    at Object.userJS (/home/runner/work/docs.techbd.org/docs.techbd.org/assurance/1115-waiver/ahc-hrsn/screening/regression-test-prime/fhir-service-prime/src/2024-05-22/fhir-service.test.http:114:3)\n    at rr (/opt/hostedtoolcache/node/20.13.1/x64/lib/node_modules/httpyac/dist/index.js:119:2730)\n    at Pt (/opt/hostedtoolcache/node/20.13.1/x64/lib/node_modules/httpyac/dist/index.js:119:6140)\n    at Object.action (/opt/hostedtoolcache/node/20.13.1/x64/lib/node_modules/httpyac/dist/index.js:119:5411)\n    at n.trigger (/opt/hostedtoolcache/node/20.13.1/x64/lib/node_modules/httpyac/node_modules/hookpoint/dist/index.js:1:2889)\n    at process.processTicksAndRejections (node:internal/process/task_queues:95:5)\n    at async t.execute (/opt/hostedtoolcache/node/20.13.1/x64/lib/node_modules/httpyac/dist/index.js:2:52877)\n    at async mu (/opt/hostedtoolcache/node/20.13.1/x64/lib/node_modules/httpyac/dist/index.js:119:32215)&#34;}</pre>
                        
                        

                        
                        <table class="proplist">
                            
                            <tr>
                                <th>displayMessage</th><td>TypeError: Cannot read properties of undefined (reading &#39;entries&#39;) - /home/runner/work/docs.techbd.org/docs.techbd.org/assurance/1115-waiver/ahc-hrsn/screening/regression-test-prime/fhir-service-prime/src/2024-05-22/fhir-service.test.http:115:50</td>
                            </tr>
                            
                            <tr>
                                <th>file</th><td>/home/runner/work/docs.techbd.org/docs.techbd.org/assurance/1115-waiver/ahc-hrsn/screening/regression-test-prime/fhir-service-prime/src/2024-05-22/fhir-service.test.http</td>
                            </tr>
                            
                            <tr>
                                <th>line</th><td>115</td>
                            </tr>
                            
                            <tr>
                                <th>offset</th><td>50</td>
                            </tr>
                            
                            <tr>
                                <th>errorType</th><td>TypeError</td>
                            </tr>
                            
                            <tr>
                                <th>message</th><td>Cannot read properties of undefined (reading &#39;entries&#39;)</td>
                            </tr>
                            
                        </table>
                        
                        
                        
                    </div>
                
                    <div class="test outcome outcome-failed">
                        <a id="9e7cba78-16eb-421b-b152-1675ef0702b3"></a>
                        <table class="proplist">
                            <tr><th>Test case:</th><td><b>check Diagnostics</b></td></tr>
                            <tr><th>Outcome:</th><td>Failed</td></tr>
                            <tr><th>Duration:</th><td>0.007 sec</td></tr>
                        
                            <tr><th>Failed</th><td>check Diagnostics</td></tr>
                        
                        
                        </table>

                        
                        <pre>{&#34;message&#34;:&#34;Cannot read properties of undefined (reading &#39;entries&#39;)&#34;,&#34;name&#34;:&#34;TypeError&#34;,&#34;stack&#34;:&#34;TypeError: Cannot read properties of undefined (reading &#39;entries&#39;)\n    at /home/runner/work/docs.techbd.org/docs.techbd.org/assurance/1115-waiver/ahc-hrsn/screening/regression-test-prime/fhir-service-prime/src/2024-05-22/fhir-service.test.http:118:51\n    at Object.o [as test] (/opt/hostedtoolcache/node/20.13.1/x64/lib/node_modules/httpyac/dist/index.js:2:40904)\n    at Object.userJS (/home/runner/work/docs.techbd.org/docs.techbd.org/assurance/1115-waiver/ahc-hrsn/screening/regression-test-prime/fhir-service-prime/src/2024-05-22/fhir-service.test.http:117:3)\n    at rr (/opt/hostedtoolcache/node/20.13.1/x64/lib/node_modules/httpyac/dist/index.js:119:2730)\n    at Pt (/opt/hostedtoolcache/node/20.13.1/x64/lib/node_modules/httpyac/dist/index.js:119:6140)\n    at Object.action (/opt/hostedtoolcache/node/20.13.1/x64/lib/node_modules/httpyac/dist/index.js:119:5411)\n    at n.trigger (/opt/hostedtoolcache/node/20.13.1/x64/lib/node_modules/httpyac/node_modules/hookpoint/dist/index.js:1:2889)\n    at process.processTicksAndRejections (node:internal/process/task_queues:95:5)\n    at async t.execute (/opt/hostedtoolcache/node/20.13.1/x64/lib/node_modules/httpyac/dist/index.js:2:52877)\n    at async mu (/opt/hostedtoolcache/node/20.13.1/x64/lib/node_modules/httpyac/dist/index.js:119:32215)&#34;}</pre>
                        
                        

                        
                        <table class="proplist">
                            
                            <tr>
                                <th>displayMessage</th><td>TypeError: Cannot read properties of undefined (reading &#39;entries&#39;) - /home/runner/work/docs.techbd.org/docs.techbd.org/assurance/1115-waiver/ahc-hrsn/screening/regression-test-prime/fhir-service-prime/src/2024-05-22/fhir-service.test.http:118:51</td>
                            </tr>
                            
                            <tr>
                                <th>file</th><td>/home/runner/work/docs.techbd.org/docs.techbd.org/assurance/1115-waiver/ahc-hrsn/screening/regression-test-prime/fhir-service-prime/src/2024-05-22/fhir-service.test.http</td>
                            </tr>
                            
                            <tr>
                                <th>line</th><td>118</td>
                            </tr>
                            
                            <tr>
                                <th>offset</th><td>51</td>
                            </tr>
                            
                            <tr>
                                <th>errorType</th><td>TypeError</td>
                            </tr>
                            
                            <tr>
                                <th>message</th><td>Cannot read properties of undefined (reading &#39;entries&#39;)</td>
                            </tr>
                            
                        </table>
                        
                        
                        
                    </div>
                
                </div>
            </div>
            
        </div>
    </div>
    

    <div class="testsuite">
        <h2>Test Suite: /Bundle should validate and submit fhir-fixture-shinny-impl-guide-sample.json as HEALTHeLINK</h2>
        <a id="cf6baf9c-2268-4ce1-843c-79624a2b5a60"></a>
        
        <span>Package: assurance/1115-waiver/ahc-hrsn/screening/regression-test-prime/fhir-service-prime/src/2024-05-22/fhir-service.test.http</span>
        
        
        <h3>Suite Properties</h3>
        <table class="proplist">
            
            <tr>
                <th>title</th><td>/Bundle should validate and submit fhir-fixture-shinny-impl-guide-sample.json as HEALTHeLINK</td>
            </tr>
            
            <tr>
                <th>line</th><td>124</td>
            </tr>
            
            <tr>
                <th>timestamp</th><td>2024-05-30T13:02:19.182Z</td>
            </tr>
            
            <tr>
                <th>file</th><td>assurance/1115-waiver/ahc-hrsn/screening/regression-test-prime/fhir-service-prime/src/2024-05-22/fhir-service.test.http</td>
            </tr>
            
        </table>
        
        <h3>Results</h3>
        <table class="proplist">
            <tr>
                <th>Duration</th><td>0.034 sec</td>
            </tr>
            <tr>
                <th>Tests</th><td>4</td>
            </tr>
            <tr>
                <th>Failures</th><td>2</td>
            </tr>
        </table>

        <div class="testclasses">
            <h3>Tests</h3>
            
            <div class="testclass">
                <h4>/Bundle should validate and submit fhir-fixture-shinny-impl-guide-sample.json as HEALTHeLINK</h4>
                <div class="testcases">
                
                    <div class="test outcome outcome-passed">
                        <a id="42404613-09b8-4471-9247-f00fc675ec73"></a>
                        <table class="proplist">
                            <tr><th>Test case:</th><td><b>status code 201</b></td></tr>
                            <tr><th>Outcome:</th><td>Passed</td></tr>
                            <tr><th>Duration:</th><td>0.008 sec</td></tr>
                        
                        
                        </table>

                        
                        

                        
                        
                        
                    </div>
                
                    <div class="test outcome outcome-failed">
                        <a id="5f16acd4-720b-4c45-aed5-5af83efcd374"></a>
                        <table class="proplist">
                            <tr><th>Test case:</th><td><b>Check content-type</b></td></tr>
                            <tr><th>Outcome:</th><td>Failed</td></tr>
                            <tr><th>Duration:</th><td>0.008 sec</td></tr>
                        
                            <tr><th>Failed</th><td>Check content-type</td></tr>
                        
                        
                        </table>

                        
                        <pre>{&#34;message&#34;:&#34;&#39;application/json&#39; == &#39;text/plain;charset=UTF-8&#39;&#34;,&#34;name&#34;:&#34;AssertionError&#34;,&#34;stack&#34;:&#34;AssertionError [ERR_ASSERTION]: &#39;application/json&#39; == &#39;text/plain;charset=UTF-8&#39;\n    at /home/runner/work/docs.techbd.org/docs.techbd.org/assurance/1115-waiver/ahc-hrsn/screening/regression-test-prime/fhir-service-prime/src/2024-05-22/fhir-service.test.http:134:5\n    at Object.o [as test] (/opt/hostedtoolcache/node/20.13.1/x64/lib/node_modules/httpyac/dist/index.js:2:40904)\n    at Object.userJS (/home/runner/work/docs.techbd.org/docs.techbd.org/assurance/1115-waiver/ahc-hrsn/screening/regression-test-prime/fhir-service-prime/src/2024-05-22/fhir-service.test.http:133:3)\n    at rr (/opt/hostedtoolcache/node/20.13.1/x64/lib/node_modules/httpyac/dist/index.js:119:2730)\n    at Pt (/opt/hostedtoolcache/node/20.13.1/x64/lib/node_modules/httpyac/dist/index.js:119:6140)\n    at Object.action (/opt/hostedtoolcache/node/20.13.1/x64/lib/node_modules/httpyac/dist/index.js:119:5411)\n    at n.trigger (/opt/hostedtoolcache/node/20.13.1/x64/lib/node_modules/httpyac/node_modules/hookpoint/dist/index.js:1:2889)\n    at process.processTicksAndRejections (node:internal/process/task_queues:95:5)\n    at async t.execute (/opt/hostedtoolcache/node/20.13.1/x64/lib/node_modules/httpyac/dist/index.js:2:52877)\n    at async mu (/opt/hostedtoolcache/node/20.13.1/x64/lib/node_modules/httpyac/dist/index.js:119:32215)&#34;}</pre>
                        
                        

                        
                        <table class="proplist">
                            
                            <tr>
                                <th>displayMessage</th><td>AssertionError [ERR_ASSERTION]: &#39;application/json&#39; == &#39;text/plain;charset=UTF-8&#39; - /home/runner/work/docs.techbd.org/docs.techbd.org/assurance/1115-waiver/ahc-hrsn/screening/regression-test-prime/fhir-service-prime/src/2024-05-22/fhir-service.test.http:134:5</td>
                            </tr>
                            
                            <tr>
                                <th>file</th><td>/home/runner/work/docs.techbd.org/docs.techbd.org/assurance/1115-waiver/ahc-hrsn/screening/regression-test-prime/fhir-service-prime/src/2024-05-22/fhir-service.test.http</td>
                            </tr>
                            
                            <tr>
                                <th>line</th><td>134</td>
                            </tr>
                            
                            <tr>
                                <th>offset</th><td>5</td>
                            </tr>
                            
                            <tr>
                                <th>errorType</th><td>AssertionError [ERR_ASSERTION]</td>
                            </tr>
                            
                            <tr>
                                <th>message</th><td>&#39;application/json&#39; == &#39;text/plain;charset=UTF-8&#39;</td>
                            </tr>
                            
                        </table>
                        
                        
                        
                    </div>
                
                    <div class="test outcome outcome-passed">
                        <a id="f085f5c5-430b-4470-851e-4d10ebf5d84d"></a>
                        <table class="proplist">
                            <tr><th>Test case:</th><td><b>response body exists</b></td></tr>
                            <tr><th>Outcome:</th><td>Passed</td></tr>
                            <tr><th>Duration:</th><td>0.008 sec</td></tr>
                        
                        
                        </table>

                        
                        

                        
                        
                        
                    </div>
                
                    <div class="test outcome outcome-failed">
                        <a id="5fd1526e-d062-4018-9d49-61ba289de5e6"></a>
                        <table class="proplist">
                            <tr><th>Test case:</th><td><b>check Result</b></td></tr>
                            <tr><th>Outcome:</th><td>Failed</td></tr>
                            <tr><th>Duration:</th><td>0.008 sec</td></tr>
                        
                            <tr><th>Failed</th><td>check Result</td></tr>
                        
                        
                        </table>

                        
                        <pre>{&#34;message&#34;:&#34;&#39;{\&#34;timestamp\&#34;:\&#34;2024-05-30T13:02:19.201+00:00\&#34;,\&#34;status\&#34;:404,\&#34;error\&#34;:\&#34;Not Found\&#34;,\&#34;trace\&#34;:\&#34;org.springframework.web.servlet.resource.NoResourceFoundException: No static resource Bundle.\\\\n\\\\tat org.springframework.web.servlet.resource.ResourceHttpRequestHandler.handleRequest(ResourceHttpRequestHandler.java:585)\\\\n\\\\tat org.springframework.web.servlet.mvc.HttpRequestHandlerAdapter.handle(HttpRequestHandlerAdapter.java:52)\\\\n\\\\tat org.springframework.web.servlet.DispatcherServlet.doDispatch(DispatcherServlet.j... == &#39;API invoked&#39;&#34;,&#34;name&#34;:&#34;AssertionError&#34;,&#34;stack&#34;:&#34;AssertionError [ERR_ASSERTION]: &#39;{\&#34;timestamp\&#34;:\&#34;2024-05-30T13:02:19.201+00:00\&#34;,\&#34;status\&#34;:404,\&#34;error\&#34;:\&#34;Not Found\&#34;,\&#34;trace\&#34;:\&#34;org.springframework.web.servlet.resource.NoResourceFoundException: No static resource Bundle.\\\\n\\\\tat org.springframework.web.servlet.resource.ResourceHttpRequestHandler.handleRequest(ResourceHttpRequestHandler.java:585)\\\\n\\\\tat org.springframework.web.servlet.mvc.HttpRequestHandlerAdapter.handle(HttpRequestHandlerAdapter.java:52)\\\\n\\\\tat org.springframework.web.servlet.DispatcherServlet.doDispatch(DispatcherServlet.j... == &#39;API invoked&#39;\n    at /home/runner/work/docs.techbd.org/docs.techbd.org/assurance/1115-waiver/ahc-hrsn/screening/regression-test-prime/fhir-service-prime/src/2024-05-22/fhir-service.test.http:138:5\n    at Object.o [as test] (/opt/hostedtoolcache/node/20.13.1/x64/lib/node_modules/httpyac/dist/index.js:2:40904)\n    at Object.userJS (/home/runner/work/docs.techbd.org/docs.techbd.org/assurance/1115-waiver/ahc-hrsn/screening/regression-test-prime/fhir-service-prime/src/2024-05-22/fhir-service.test.http:137:3)\n    at rr (/opt/hostedtoolcache/node/20.13.1/x64/lib/node_modules/httpyac/dist/index.js:119:2730)\n    at Pt (/opt/hostedtoolcache/node/20.13.1/x64/lib/node_modules/httpyac/dist/index.js:119:6140)\n    at Object.action (/opt/hostedtoolcache/node/20.13.1/x64/lib/node_modules/httpyac/dist/index.js:119:5411)\n    at n.trigger (/opt/hostedtoolcache/node/20.13.1/x64/lib/node_modules/httpyac/node_modules/hookpoint/dist/index.js:1:2889)\n    at process.processTicksAndRejections (node:internal/process/task_queues:95:5)\n    at async t.execute (/opt/hostedtoolcache/node/20.13.1/x64/lib/node_modules/httpyac/dist/index.js:2:52877)\n    at async mu (/opt/hostedtoolcache/node/20.13.1/x64/lib/node_modules/httpyac/dist/index.js:119:32215)&#34;}</pre>
                        
                        

                        
                        <table class="proplist">
                            
                            <tr>
                                <th>displayMessage</th><td>AssertionError [ERR_ASSERTION]: &#39;{&#34;timestamp&#34;:&#34;2024-05-30T13:02:19.201+00:00&#34;,&#34;status&#34;:404,&#34;error&#34;:&#34;Not Found&#34;,&#34;trace&#34;:&#34;org.springframework.web.servlet.resource.NoResourceFoundException: No static resource Bundle.\\n\\tat org.springframework.web.servlet.resource.ResourceHttpRequestHandler.handleRequest(ResourceHttpRequestHandler.java:585)\\n\\tat org.springframework.web.servlet.mvc.HttpRequestHandlerAdapter.handle(HttpRequestHandlerAdapter.java: 52)\\n\\tat org.springframework.web.servlet.DispatcherServlet.doDispatch(DispatcherServlet.j... == &#39;API invoked&#39; - /home/runner/work/docs.techbd.org/docs.techbd.org/assurance/1115-waiver/ahc-hrsn/screening/regression-test-prime/fhir-service-prime/src/2024-05-22/fhir-service.test.http:138:5</td>
                            </tr>
                            
                            <tr>
                                <th>file</th><td>/home/runner/work/docs.techbd.org/docs.techbd.org/assurance/1115-waiver/ahc-hrsn/screening/regression-test-prime/fhir-service-prime/src/2024-05-22/fhir-service.test.http</td>
                            </tr>
                            
                            <tr>
                                <th>line</th><td>138</td>
                            </tr>
                            
                            <tr>
                                <th>offset</th><td>5</td>
                            </tr>
                            
                            <tr>
                                <th>errorType</th><td>AssertionError [ERR_ASSERTION]: &#39;{&#34;timestamp&#34;:&#34;2024-05-30T13:02:19.201+00:00&#34;,&#34;status&#34;:404,&#34;error&#34;:&#34;Not Found&#34;,&#34;trace&#34;:&#34;org.springframework.web.servlet.resource.NoResourceFoundException: No static resource Bundle.\\n\\tat org.springframework.web.servlet.resource.ResourceHttpRequestHandler.handleRequest(ResourceHttpRequestHandler.java:585)\\n\\tat org.springframework.web.servlet.mvc.HttpRequestHandlerAdapter.handle(HttpRequestHandlerAdapter.java</td>
                            </tr>
                            
                            <tr>
                                <th>message</th><td>52)\\n\\tat org.springframework.web.servlet.DispatcherServlet.doDispatch(DispatcherServlet.j... == &#39;API invoked&#39;</td>
                            </tr>
                            
                        </table>
                        
                        
                        
                    </div>
                
                </div>
            </div>
            
        </div>
    </div>
    

    <div class="testsuite">
        <h2>Test Suite: /admin/diagnostics endpoint should be an HTML page</h2>
        <a id="5854dd32-2fd5-41f1-9e13-24e509928c33"></a>
        
        <span>Package: assurance/1115-waiver/ahc-hrsn/screening/regression-test-prime/fhir-service-prime/src/2024-05-22/fhir-service.test.http</span>
        
        
        <h3>Suite Properties</h3>
        <table class="proplist">
            
            <tr>
                <th>title</th><td>/admin/diagnostics endpoint should be an HTML page</td>
            </tr>
            
            <tr>
                <th>line</th><td>144</td>
            </tr>
            
            <tr>
                <th>timestamp</th><td>2024-05-30T13:02:19.216Z</td>
            </tr>
            
            <tr>
                <th>file</th><td>assurance/1115-waiver/ahc-hrsn/screening/regression-test-prime/fhir-service-prime/src/2024-05-22/fhir-service.test.http</td>
            </tr>
            
        </table>
        
        <h3>Results</h3>
        <table class="proplist">
            <tr>
                <th>Duration</th><td>0.031 sec</td>
            </tr>
            <tr>
                <th>Tests</th><td>1</td>
            </tr>
            <tr>
                <th>Failures</th><td>1</td>
            </tr>
        </table>

        <div class="testclasses">
            <h3>Tests</h3>
            
            <div class="testclass">
                <h4>/admin/diagnostics endpoint should be an HTML page</h4>
                <div class="testcases">
                
                    <div class="test outcome outcome-failed">
                        <a id="61f299f7-91d4-4f66-88e7-64531805dd00"></a>
                        <table class="proplist">
                            <tr><th>Test case:</th><td><b>status code 200</b></td></tr>
                            <tr><th>Outcome:</th><td>Failed</td></tr>
                            <tr><th>Duration:</th><td>0.031 sec</td></tr>
                        
                            <tr><th>Failed</th><td>status code 200</td></tr>
                        
                        
                        </table>

                        
                        <pre>{&#34;message&#34;:&#34;404 == 200&#34;,&#34;name&#34;:&#34;AssertionError&#34;,&#34;stack&#34;:&#34;AssertionError [ERR_ASSERTION]: 404 == 200\n    at /home/runner/work/docs.techbd.org/docs.techbd.org/assurance/1115-waiver/ahc-hrsn/screening/regression-test-prime/fhir-service-prime/src/2024-05-22/fhir-service.test.http:152:5\n    at Object.o [as test] (/opt/hostedtoolcache/node/20.13.1/x64/lib/node_modules/httpyac/dist/index.js:2:40904)\n    at Object.userJS (/home/runner/work/docs.techbd.org/docs.techbd.org/assurance/1115-waiver/ahc-hrsn/screening/regression-test-prime/fhir-service-prime/src/2024-05-22/fhir-service.test.http:151:3)\n    at rr (/opt/hostedtoolcache/node/20.13.1/x64/lib/node_modules/httpyac/dist/index.js:119:2730)\n    at Pt (/opt/hostedtoolcache/node/20.13.1/x64/lib/node_modules/httpyac/dist/index.js:119:6140)\n    at Object.action (/opt/hostedtoolcache/node/20.13.1/x64/lib/node_modules/httpyac/dist/index.js:119:5411)\n    at n.trigger (/opt/hostedtoolcache/node/20.13.1/x64/lib/node_modules/httpyac/node_modules/hookpoint/dist/index.js:1:2889)\n    at process.processTicksAndRejections (node:internal/process/task_queues:95:5)\n    at async t.execute (/opt/hostedtoolcache/node/20.13.1/x64/lib/node_modules/httpyac/dist/index.js:2:52877)\n    at async mu (/opt/hostedtoolcache/node/20.13.1/x64/lib/node_modules/httpyac/dist/index.js:119:32215)&#34;}</pre>
                        
                        

                        
                        <table class="proplist">
                            
                            <tr>
                                <th>displayMessage</th><td>AssertionError [ERR_ASSERTION]: 404 == 200 - /home/runner/work/docs.techbd.org/docs.techbd.org/assurance/1115-waiver/ahc-hrsn/screening/regression-test-prime/fhir-service-prime/src/2024-05-22/fhir-service.test.http:152:5</td>
                            </tr>
                            
                            <tr>
                                <th>file</th><td>/home/runner/work/docs.techbd.org/docs.techbd.org/assurance/1115-waiver/ahc-hrsn/screening/regression-test-prime/fhir-service-prime/src/2024-05-22/fhir-service.test.http</td>
                            </tr>
                            
                            <tr>
                                <th>line</th><td>152</td>
                            </tr>
                            
                            <tr>
                                <th>offset</th><td>5</td>
                            </tr>
                            
                            <tr>
                                <th>errorType</th><td>AssertionError [ERR_ASSERTION]</td>
                            </tr>
                            
                            <tr>
                                <th>message</th><td>404 == 200</td>
                            </tr>
                            
                        </table>
                        
                        
                        
                    </div>
                
                </div>
            </div>
            
        </div>
    </div>
    



<p class="footer">
    Generated by junit2html
</p>
</body>
</html>